#
# There is insufficient memory for the Java Runtime Environment to continue.
# Native memory allocation (mmap) failed to map 387973120 bytes for Failed to commit area from 0x0000000094f00000 to 0x00000000ac100000 of length 387973120.
# Possible reasons:
#   The system is out of physical RAM or swap space
#   The process is running with CompressedOops enabled, and the Java Heap may be blocking the growth of the native heap
# Possible solutions:
#   Reduce memory load on the system
#   Increase physical memory or swap space
#   Check if swap backing store is full
#   Decrease Java heap size (-Xmx/-Xms)
#   Decrease number of Java threads
#   Decrease Java thread stack sizes (-Xss)
#   Set larger code cache with -XX:ReservedCodeCacheSize=
#   JVM is running with Unscaled Compressed Oops mode in which the Java heap is
#     placed in the first 4GB address space. The Java Heap base address is the
#     maximum limit for the native heap growth. Please use -XX:HeapBaseMinAddress
#     to set the Java Heap base and to place the Java Heap above 4GB virtual address.
# This output file may be truncated or incomplete.
#
#  Out of Memory Error (./src/hotspot/os/windows/os_windows.cpp:3301), pid=27644, tid=47820
#
# JRE version: OpenJDK Runtime Environment (11.0.10) (build 11.0.10+0-b96-7249189)
# Java VM: OpenJDK 64-Bit Server VM (11.0.10+0-b96-7249189, mixed mode, tiered, compressed oops, g1 gc, windows-amd64)
# No core dump will be written. Minidumps are not enabled by default on client versions of Windows
#

---------------  S U M M A R Y ------------

Command Line: --add-opens=java.base/java.util=ALL-UNNAMED --add-opens=java.base/java.lang=ALL-UNNAMED --add-opens=java.base/java.lang.invoke=ALL-UNNAMED --add-opens=java.base/java.util=ALL-UNNAMED --add-opens=java.prefs/java.util.prefs=ALL-UNNAMED --add-opens=java.prefs/java.util.prefs=ALL-UNNAMED --add-opens=java.base/java.nio.charset=ALL-UNNAMED --add-opens=java.base/java.net=ALL-UNNAMED --add-opens=java.base/java.util.concurrent.atomic=ALL-UNNAMED -Xmx2048m -Dfile.encoding=UTF-8 -Duser.country=IN -Duser.language=en -Duser.variant org.gradle.launcher.daemon.bootstrap.GradleDaemon 7.0.2

Host: 11th Gen Intel(R) Core(TM) i5-1135G7 @ 2.40GHz, 8 cores, 15G,  Windows 10 , 64 bit Build 22621 (10.0.22621.3672)
Time: Thu Jun 27 22:43:01 2024 India Standard Time elapsed time: 58.139046 seconds (0d 0h 0m 58s)

---------------  T H R E A D  ---------------

Current thread (0x000001466d4c6000):  VMThread "VM Thread" [stack: 0x00000044c3800000,0x00000044c3900000] [id=47820]

Stack: [0x00000044c3800000,0x00000044c3900000]
[error occurred during error reporting (printing stack bounds), id 0xc0000005, EXCEPTION_ACCESS_VIOLATION (0xc0000005) at pc=0x00000146562c10e7]

Native frames: (J=compiled Java code, j=interpreted, Vv=VM code, C=native code)
V  [jvm.dll+0x5ecfaa]
V  [jvm.dll+0x722bd5]
V  [jvm.dll+0x72412d]
V  [jvm.dll+0x724745]
V  [jvm.dll+0x7246fb]
V  [jvm.dll+0x5ec348]
V  [jvm.dll+0x5ecad8]
C  [ntdll.dll+0xa4b2f]
C  [ntdll.dll+0x1e466]
C  [ntdll.dll+0xa3b1e]
C  0x00000146562c10e7

VM_Operation (0x00000044c74fd620): G1CollectForAllocation, mode: safepoint, requested by thread 0x000001467338c800


---------------  P R O C E S S  ---------------

Threads class SMR info:
_java_thread_list=0x000001466fb16bc0, length=74, elements={
0x00000146527e0800, 0x000001466d4ca000, 0x000001466d4cb000, 0x000001466d523800,
0x000001466d525000, 0x000001466d527000, 0x000001466d52b000, 0x000001466d535800,
0x000001466d53a000, 0x000001466d69d000, 0x000001466e360000, 0x000001466ed51000,
0x000001466f5b1000, 0x000001466ebd7800, 0x000001466ebd8000, 0x000001466e99f800,
0x000001466e9a0000, 0x000001466e7e5800, 0x000001466f5e9800, 0x000001466ef19800,
0x000001466ef1d800, 0x000001466ef1a800, 0x000001466ef1b000, 0x000001466ef1c000,
0x000001466ef1f800, 0x000001466ef1d000, 0x000001466ef1e800, 0x000001466ef20000,
0x0000014671888000, 0x0000014671887000, 0x0000014671888800, 0x0000014671883000,
0x0000014671883800, 0x000001467188a800, 0x000001467188b000, 0x0000014671885800,
0x000001467188c000, 0x0000014671886000, 0x000001467188e800, 0x0000014671890000,
0x000001467188c800, 0x0000014671891000, 0x0000014671891800, 0x000001467188d800,
0x000001467188f000, 0x000001467289e800, 0x000001467289f800, 0x00000146728a0000,
0x00000146728a1000, 0x00000146728a1800, 0x00000146728a2800, 0x000001467289d000,
0x000001467289d800, 0x0000014673385000, 0x0000014673387800, 0x0000014673386000,
0x0000014673387000, 0x0000014673384800, 0x000001467338b800, 0x000001467338b000,
0x000001467338d800, 0x000001467338c800, 0x0000014673390800, 0x0000014673391800,
0x000001466ff85000, 0x000001467338e000, 0x0000014673388800, 0x000001467338f000,
0x0000014673389800, 0x0000014673390000, 0x000001467338a000, 0x0000014673392800,
0x0000014673393000, 0x0000014674df2800
}

Java Threads: ( => current thread )
  0x00000146527e0800 JavaThread "main" [_thread_blocked, id=18672, stack(0x00000044c3200000,0x00000044c3300000)]
  0x000001466d4ca000 JavaThread "Reference Handler" daemon [_thread_blocked, id=15540, stack(0x00000044c3900000,0x00000044c3a00000)]
  0x000001466d4cb000 JavaThread "Finalizer" daemon [_thread_blocked, id=33904, stack(0x00000044c3a00000,0x00000044c3b00000)]
  0x000001466d523800 JavaThread "Signal Dispatcher" daemon [_thread_blocked, id=21320, stack(0x00000044c3b00000,0x00000044c3c00000)]
  0x000001466d525000 JavaThread "Attach Listener" daemon [_thread_blocked, id=30912, stack(0x00000044c3c00000,0x00000044c3d00000)]
  0x000001466d527000 JavaThread "Service Thread" daemon [_thread_blocked, id=29368, stack(0x00000044c3d00000,0x00000044c3e00000)]
  0x000001466d52b000 JavaThread "C2 CompilerThread0" daemon [_thread_blocked, id=37288, stack(0x00000044c3e00000,0x00000044c3f00000)]
  0x000001466d535800 JavaThread "C1 CompilerThread0" daemon [_thread_blocked, id=38664, stack(0x00000044c3f00000,0x00000044c4000000)]
  0x000001466d53a000 JavaThread "Sweeper thread" daemon [_thread_blocked, id=2764, stack(0x00000044c4000000,0x00000044c4100000)]
  0x000001466d69d000 JavaThread "Common-Cleaner" daemon [_thread_blocked, id=14896, stack(0x00000044c4100000,0x00000044c4200000)]
  0x000001466e360000 JavaThread "Daemon health stats" [_thread_blocked, id=45084, stack(0x00000044c4900000,0x00000044c4a00000)]
  0x000001466ed51000 JavaThread "Incoming local TCP Connector on port 58308" [_thread_in_native, id=6684, stack(0x00000044c4300000,0x00000044c4400000)]
  0x000001466f5b1000 JavaThread "Daemon periodic checks" [_thread_blocked, id=28716, stack(0x00000044c4a00000,0x00000044c4b00000)]
  0x000001466ebd7800 JavaThread "Daemon" [_thread_blocked, id=48816, stack(0x00000044c4b00000,0x00000044c4c00000)]
  0x000001466ebd8000 JavaThread "Handler for socket connection from /127.0.0.1:58308 to /127.0.0.1:58309" [_thread_in_native, id=48700, stack(0x00000044c4c00000,0x00000044c4d00000)]
  0x000001466e99f800 JavaThread "Cancel handler" [_thread_blocked, id=26576, stack(0x00000044c4d00000,0x00000044c4e00000)]
  0x000001466e9a0000 JavaThread "Daemon worker" [_thread_blocked, id=22236, stack(0x00000044c4e00000,0x00000044c4f00000)]
  0x000001466e7e5800 JavaThread "Asynchronous log dispatcher for DefaultDaemonConnection: socket connection from /127.0.0.1:58308 to /127.0.0.1:58309" [_thread_blocked, id=32276, stack(0x00000044c4f00000,0x00000044c5000000)]
  0x000001466f5e9800 JavaThread "Stdin handler" [_thread_blocked, id=32844, stack(0x00000044c5000000,0x00000044c5100000)]
  0x000001466ef19800 JavaThread "Daemon client event forwarder" [_thread_blocked, id=42096, stack(0x00000044c5100000,0x00000044c5200000)]
  0x000001466ef1d800 JavaThread "Cache worker for file hash cache (C:\Users\NAMAH SINGHAL\.gradle\caches\7.0.2\fileHashes)" [_thread_blocked, id=9916, stack(0x00000044c5200000,0x00000044c5300000)]
  0x000001466ef1a800 JavaThread "File lock request listener" [_thread_in_native, id=37408, stack(0x00000044c5300000,0x00000044c5400000)]
  0x000001466ef1b000 JavaThread "Cache worker for journal cache (C:\Users\NAMAH SINGHAL\.gradle\caches\journal-1)" [_thread_blocked, id=43052, stack(0x00000044c5700000,0x00000044c5800000)]
  0x000001466ef1c000 JavaThread "Cache worker for file hash cache (D:\MyApplication2\.gradle\7.0.2\fileHashes)" [_thread_blocked, id=23144, stack(0x00000044c5900000,0x00000044c5a00000)]
  0x000001466ef1f800 JavaThread "File watcher server" daemon [_thread_blocked, id=4032, stack(0x00000044c5a00000,0x00000044c5b00000)]
  0x000001466ef1d000 JavaThread "File watcher consumer" daemon [_thread_blocked, id=12788, stack(0x00000044c5b00000,0x00000044c5c00000)]
  0x000001466ef1e800 JavaThread "Cache worker for checksums cache (D:\MyApplication2\.gradle\checksums)" [_thread_blocked, id=17728, stack(0x00000044c5c00000,0x00000044c5d00000)]
  0x000001466ef20000 JavaThread "Cache worker for cache directory md-supplier (C:\Users\NAMAH SINGHAL\.gradle\caches\7.0.2\md-supplier)" [_thread_blocked, id=19300, stack(0x00000044c5d00000,0x00000044c5e00000)]
  0x0000014671888000 JavaThread "Cache worker for cache directory md-rule (C:\Users\NAMAH SINGHAL\.gradle\caches\7.0.2\md-rule)" [_thread_blocked, id=14368, stack(0x00000044c5e00000,0x00000044c5f00000)]
  0x0000014671887000 JavaThread "Cache worker for execution history cache (C:\Users\NAMAH SINGHAL\.gradle\caches\7.0.2\executionHistory)" [_thread_blocked, id=32952, stack(0x00000044c5f00000,0x00000044c6000000)]
  0x0000014671888800 JavaThread "jar transforms" [_thread_blocked, id=20852, stack(0x00000044c6100000,0x00000044c6200000)]
  0x0000014671883000 JavaThread "jar transforms Thread 2" [_thread_blocked, id=23572, stack(0x00000044c6200000,0x00000044c6300000)]
  0x0000014671883800 JavaThread "Cache worker for file content cache (C:\Users\NAMAH SINGHAL\.gradle\caches\7.0.2\fileContent)" [_thread_blocked, id=3248, stack(0x00000044c6300000,0x00000044c6400000)]
  0x000001467188a800 JavaThread "Cache worker for dependencies-accessors (D:\MyApplication2\.gradle\7.0.2\dependencies-accessors)" [_thread_blocked, id=41224, stack(0x00000044c6400000,0x00000044c6500000)]
  0x000001467188b000 JavaThread "jar transforms Thread 3" [_thread_blocked, id=31464, stack(0x00000044c6500000,0x00000044c6600000)]
  0x0000014671885800 JavaThread "Cache worker for Build Output Cleanup Cache (D:\MyApplication2\.gradle\buildOutputCleanup)" [_thread_blocked, id=5428, stack(0x00000044c6600000,0x00000044c6700000)]
  0x000001467188c000 JavaThread "Build operations" [_thread_blocked, id=47144, stack(0x00000044c5800000,0x00000044c5900000)]
  0x0000014671886000 JavaThread "Build operations Thread 2" [_thread_blocked, id=21592, stack(0x00000044c6000000,0x00000044c6100000)]
  0x000001467188e800 JavaThread "Build operations Thread 3" [_thread_blocked, id=15320, stack(0x00000044c6700000,0x00000044c6800000)]
  0x0000014671890000 JavaThread "Build operations Thread 4" [_thread_blocked, id=31860, stack(0x00000044c6800000,0x00000044c6900000)]
  0x000001467188c800 JavaThread "Build operations Thread 5" [_thread_blocked, id=46028, stack(0x00000044c6900000,0x00000044c6a00000)]
  0x0000014671891000 JavaThread "Build operations Thread 6" [_thread_blocked, id=14012, stack(0x00000044c6a00000,0x00000044c6b00000)]
  0x0000014671891800 JavaThread "Build operations Thread 7" [_thread_blocked, id=32336, stack(0x00000044c6b00000,0x00000044c6c00000)]
  0x000001467188d800 JavaThread "Build operations Thread 8" [_thread_blocked, id=42336, stack(0x00000044c6c00000,0x00000044c6d00000)]
  0x000001467188f000 JavaThread "jar transforms Thread 4" [_thread_blocked, id=45104, stack(0x00000044c6f00000,0x00000044c7000000)]
  0x000001467289e800 JavaThread "jar transforms Thread 5" [_thread_blocked, id=48360, stack(0x00000044c7000000,0x00000044c7100000)]
  0x000001467289f800 JavaThread "jar transforms Thread 6" [_thread_blocked, id=3844, stack(0x00000044c7100000,0x00000044c7200000)]
  0x00000146728a0000 JavaThread "jar transforms Thread 7" [_thread_blocked, id=22444, stack(0x00000044c7200000,0x00000044c7300000)]
  0x00000146728a1000 JavaThread "jar transforms Thread 8" [_thread_blocked, id=19812, stack(0x00000044c7300000,0x00000044c7400000)]
  0x00000146728a1800 JavaThread "Memory manager" [_thread_blocked, id=28608, stack(0x00000044c6e00000,0x00000044c6f00000)]
  0x00000146728a2800 JavaThread "build event listener" [_thread_blocked, id=7452, stack(0x00000044c7500000,0x00000044c7600000)]
  0x000001467289d000 JavaThread "pool-3-thread-1" [_thread_blocked, id=40632, stack(0x00000044c7600000,0x00000044c7700000)]
  0x000001467289d800 JavaThread "build event listener" [_thread_blocked, id=48508, stack(0x00000044c7700000,0x00000044c7800000)]
  0x0000014673385000 JavaThread "Execution worker for ':'" [_thread_blocked, id=19128, stack(0x00000044c7800000,0x00000044c7900000)]
  0x0000014673387800 JavaThread "Execution worker for ':' Thread 2" [_thread_blocked, id=47016, stack(0x00000044c7900000,0x00000044c7a00000)]
  0x0000014673386000 JavaThread "Execution worker for ':' Thread 3" [_thread_blocked, id=41716, stack(0x00000044c7a00000,0x00000044c7b00000)]
  0x0000014673387000 JavaThread "Execution worker for ':' Thread 4" [_thread_blocked, id=29516, stack(0x00000044c7b00000,0x00000044c7c00000)]
  0x0000014673384800 JavaThread "Execution worker for ':' Thread 5" [_thread_blocked, id=24280, stack(0x00000044c7c00000,0x00000044c7d00000)]
  0x000001467338b800 JavaThread "Execution worker for ':' Thread 6" [_thread_blocked, id=48716, stack(0x00000044c7d00000,0x00000044c7e00000)]
  0x000001467338b000 JavaThread "Execution worker for ':' Thread 7" [_thread_blocked, id=2732, stack(0x00000044c7e00000,0x00000044c7f00000)]
  0x000001467338d800 JavaThread "Cache worker for execution history cache (D:\MyApplication2\.gradle\7.0.2\executionHistory)" [_thread_blocked, id=46476, stack(0x00000044c7f00000,0x00000044c8000000)]
  0x000001467338c800 JavaThread "WorkerExecutor Queue" [_thread_blocked, id=25540, stack(0x00000044c7400000,0x00000044c7500000)]
  0x0000014673390800 JavaThread "WorkerExecutor Queue Thread 8" [_thread_blocked, id=24600, stack(0x00000044c8900000,0x00000044c8a00000)]
  0x0000014673391800 JavaThread "WorkerExecutor Queue Thread 9" [_thread_blocked, id=25160, stack(0x00000044c8c00000,0x00000044c8d00000)]
  0x000001466ff85000 JavaThread "C2 CompilerThread1" daemon [_thread_in_native, id=17156, stack(0x00000044c6d00000,0x00000044c6e00000)]
  0x000001467338e000 JavaThread "WorkerExecutor Queue Thread 10" [_thread_blocked, id=12488, stack(0x00000044c8000000,0x00000044c8100000)]
  0x0000014673388800 JavaThread "WorkerExecutor Queue Thread 11" [_thread_blocked, id=31028, stack(0x00000044c8400000,0x00000044c8500000)]
  0x000001467338f000 JavaThread "WorkerExecutor Queue Thread 12" [_thread_blocked, id=40456, stack(0x00000044c8500000,0x00000044c8600000)]
  0x0000014673389800 JavaThread "pool-4-thread-1" [_thread_blocked, id=33264, stack(0x00000044c8600000,0x00000044c8700000)]
  0x0000014673390000 JavaThread "WorkerExecutor Queue Thread 13" [_thread_blocked, id=45204, stack(0x00000044c8700000,0x00000044c8800000)]
  0x000001467338a000 JavaThread "WorkerExecutor Queue Thread 14" [_thread_blocked, id=9648, stack(0x00000044c8800000,0x00000044c8900000)]
  0x0000014673392800 JavaThread "WorkerExecutor Queue Thread 15" [_thread_blocked, id=21764, stack(0x00000044c8d00000,0x00000044c8e00000)]
  0x0000014673393000 JavaThread "stderr" [_thread_in_native, id=47324, stack(0x00000044c8e00000,0x00000044c8f00000)]
  0x0000014674df2800 JavaThread "stdout" [_thread_in_native, id=25828, stack(0x00000044c8f00000,0x00000044c9000000)]

Other Threads:
=>0x000001466d4c6000 VMThread "VM Thread" [stack: 0x00000044c3800000,0x00000044c3900000] [id=47820]
  0x000001466d6a6000 WatcherThread [stack: 0x00000044c4200000,0x00000044c4300000] [id=39444]
  0x00000146527f7800 GCTaskThread "GC Thread#0" [stack: 0x00000044c3300000,0x00000044c3400000] [id=37864]
  0x000001466dfa3000 GCTaskThread "GC Thread#1" [stack: 0x00000044c4400000,0x00000044c4500000] [id=18848]
  0x000001466e26c000 GCTaskThread "GC Thread#2" [stack: 0x00000044c4500000,0x00000044c4600000] [id=44368]
  0x000001466e26c800 GCTaskThread "GC Thread#3" [stack: 0x00000044c4600000,0x00000044c4700000] [id=48956]
  0x000001466e029000 GCTaskThread "GC Thread#4" [stack: 0x00000044c4700000,0x00000044c4800000] [id=14264]
  0x000001466e029800 GCTaskThread "GC Thread#5" [stack: 0x00000044c4800000,0x00000044c4900000] [id=31112]
  0x000001466e482800 GCTaskThread "GC Thread#6" [stack: 0x00000044c5400000,0x00000044c5500000] [id=6096]
  0x000001466e5dd800 GCTaskThread "GC Thread#7" [stack: 0x00000044c5500000,0x00000044c5600000] [id=23456]
  0x0000014652830000 ConcurrentGCThread "G1 Main Marker" [stack: 0x00000044c3400000,0x00000044c3500000] [id=22580]
  0x0000014652831000 ConcurrentGCThread "G1 Conc#0" [stack: 0x00000044c3500000,0x00000044c3600000] [id=44608]
  0x000001466ed80000 ConcurrentGCThread "G1 Conc#1" [stack: 0x00000044c5600000,0x00000044c5700000] [id=34456]
  0x000001466cb12800 ConcurrentGCThread "G1 Refine#0" [stack: 0x00000044c3600000,0x00000044c3700000] [id=46884]
  0x0000014675eb8000 ConcurrentGCThread "G1 Refine#1" [stack: 0x00000044c8100000,0x00000044c8200000] [id=45560]
  0x00000146722b7000 ConcurrentGCThread "G1 Refine#2" [stack: 0x00000044c8200000,0x00000044c8300000] [id=49000]
  0x0000014670211800 ConcurrentGCThread "G1 Refine#3" [stack: 0x00000044c8300000,0x00000044c8400000] [id=2852]
  0x0000014679a5b000 ConcurrentGCThread "G1 Refine#4" [stack: 0x00000044c9000000,0x00000044c9100000] [id=13924]
  0x00000146528ae000 ConcurrentGCThread "G1 Young RemSet Sampling" [stack: 0x00000044c3700000,0x00000044c3800000] [id=5320]

Threads with active compile tasks:
C2 CompilerThread0  58161 14317       4       com.android.tools.r8.graph.X::g (62 bytes)
C2 CompilerThread1  58161 14144 %     4       com.android.tools.r8.dex.j::m @ 64 (2086 bytes)

VM state:at safepoint (normal execution)

VM Mutex/Monitor currently owned by a thread:  ([mutex/lock_event])
[0x00000146527dd1d0] Threads_lock - owner thread: 0x000001466d4c6000
[0x00000146527ddb60] Heap_lock - owner thread: 0x000001467338c800

Heap address: 0x0000000080000000, size: 2048 MB, Compressed Oops mode: 32-bit
Narrow klass base: 0x0000000000000000, Narrow klass shift: 3
Compressed class space size: 1073741824 Address: 0x0000000100000000

Heap:
 garbage-first heap   total 721920K, used 227731K [0x0000000080000000, 0x0000000100000000)
  region size 1024K, 8 young (8192K), 8 survivors (8192K)
 Metaspace       used 99656K, capacity 101980K, committed 102528K, reserved 1138688K
  class space    used 12433K, capacity 13268K, committed 13440K, reserved 1048576K
Heap Regions: E=young(eden), S=young(survivor), O=old, HS=humongous(starts), HC=humongous(continues), CS=collection set, F=free, A=archive, TAMS=top-at-mark-start (previous, next)
|   0|0x0000000080000000, 0x0000000080100000, 0x0000000080100000|100%| O|  |TAMS 0x0000000080100000, 0x0000000080000000| Updating 
|   1|0x0000000080100000, 0x0000000080200000, 0x0000000080200000|100%| O|  |TAMS 0x0000000080200000, 0x0000000080100000| Updating 
|   2|0x0000000080200000, 0x0000000080300000, 0x0000000080300000|100%| O|  |TAMS 0x0000000080300000, 0x0000000080200000| Updating 
|   3|0x0000000080300000, 0x0000000080400000, 0x0000000080400000|100%|HS|  |TAMS 0x0000000080400000, 0x0000000080300000| Complete 
|   4|0x0000000080400000, 0x0000000080500000, 0x0000000080500000|100%|HC|  |TAMS 0x0000000080500000, 0x0000000080400000| Complete 
|   5|0x0000000080500000, 0x0000000080600000, 0x0000000080600000|100%|HC|  |TAMS 0x0000000080600000, 0x0000000080500000| Complete 
|   6|0x0000000080600000, 0x0000000080700000, 0x0000000080700000|100%| O|  |TAMS 0x0000000080700000, 0x0000000080600000| Updating 
|   7|0x0000000080700000, 0x0000000080800000, 0x0000000080800000|100%| O|  |TAMS 0x0000000080800000, 0x0000000080700000| Updating 
|   8|0x0000000080800000, 0x0000000080900000, 0x0000000080900000|100%| O|  |TAMS 0x0000000080900000, 0x0000000080800000| Updating 
|   9|0x0000000080900000, 0x0000000080a00000, 0x0000000080a00000|100%| O|  |TAMS 0x0000000080a00000, 0x0000000080900000| Updating 
|  10|0x0000000080a00000, 0x0000000080b00000, 0x0000000080b00000|100%| O|  |TAMS 0x0000000080b00000, 0x0000000080a00000| Updating 
|  11|0x0000000080b00000, 0x0000000080c00000, 0x0000000080c00000|100%| O|  |TAMS 0x0000000080c00000, 0x0000000080b00000| Updating 
|  12|0x0000000080c00000, 0x0000000080d00000, 0x0000000080d00000|100%| O|  |TAMS 0x0000000080d00000, 0x0000000080c00000| Updating 
|  13|0x0000000080d00000, 0x0000000080e00000, 0x0000000080e00000|100%| O|  |TAMS 0x0000000080e00000, 0x0000000080d00000| Updating 
|  14|0x0000000080e00000, 0x0000000080f00000, 0x0000000080f00000|100%| O|  |TAMS 0x0000000080f00000, 0x0000000080e00000| Updating 
|  15|0x0000000080f00000, 0x0000000081000000, 0x0000000081000000|100%| O|  |TAMS 0x0000000081000000, 0x0000000080f00000| Updating 
|  16|0x0000000081000000, 0x0000000081100000, 0x0000000081100000|100%|HS|  |TAMS 0x0000000081100000, 0x0000000081000000| Complete 
|  17|0x0000000081100000, 0x0000000081200000, 0x0000000081200000|100%|HS|  |TAMS 0x0000000081200000, 0x0000000081100000| Complete 
|  18|0x0000000081200000, 0x0000000081300000, 0x0000000081300000|100%|HS|  |TAMS 0x0000000081300000, 0x0000000081200000| Complete 
|  19|0x0000000081300000, 0x0000000081400000, 0x0000000081400000|100%|HC|  |TAMS 0x0000000081400000, 0x0000000081300000| Complete 
|  20|0x0000000081400000, 0x0000000081500000, 0x0000000081500000|100%| O|  |TAMS 0x0000000081500000, 0x0000000081400000| Updating 
|  21|0x0000000081500000, 0x0000000081600000, 0x0000000081600000|100%| O|  |TAMS 0x0000000081600000, 0x0000000081500000| Updating 
|  22|0x0000000081600000, 0x0000000081700000, 0x0000000081700000|100%| O|  |TAMS 0x0000000081700000, 0x0000000081600000| Updating 
|  23|0x0000000081700000, 0x0000000081800000, 0x0000000081800000|100%| O|  |TAMS 0x0000000081800000, 0x0000000081700000| Updating 
|  24|0x0000000081800000, 0x0000000081900000, 0x0000000081900000|100%| O|  |TAMS 0x0000000081900000, 0x0000000081800000| Updating 
|  25|0x0000000081900000, 0x0000000081a00000, 0x0000000081a00000|100%| O|  |TAMS 0x0000000081a00000, 0x0000000081900000| Updating 
|  26|0x0000000081a00000, 0x0000000081b00000, 0x0000000081b00000|100%| O|  |TAMS 0x0000000081b00000, 0x0000000081a00000| Updating 
|  27|0x0000000081b00000, 0x0000000081c00000, 0x0000000081c00000|100%| O|  |TAMS 0x0000000081c00000, 0x0000000081b00000| Updating 
|  28|0x0000000081c00000, 0x0000000081d00000, 0x0000000081d00000|100%| O|  |TAMS 0x0000000081d00000, 0x0000000081c00000| Updating 
|  29|0x0000000081d00000, 0x0000000081e00000, 0x0000000081e00000|100%| O|  |TAMS 0x0000000081e00000, 0x0000000081d00000| Updating 
|  30|0x0000000081e00000, 0x0000000081f00000, 0x0000000081f00000|100%| O|  |TAMS 0x0000000081f00000, 0x0000000081e00000| Updating 
|  31|0x0000000081f00000, 0x0000000082000000, 0x0000000082000000|100%| O|  |TAMS 0x0000000082000000, 0x0000000081f00000| Updating 
|  32|0x0000000082000000, 0x0000000082100000, 0x0000000082100000|100%| O|  |TAMS 0x0000000082100000, 0x0000000082000000| Updating 
|  33|0x0000000082100000, 0x0000000082200000, 0x0000000082200000|100%| O|  |TAMS 0x0000000082200000, 0x0000000082100000| Updating 
|  34|0x0000000082200000, 0x0000000082300000, 0x0000000082300000|100%| O|  |TAMS 0x0000000082300000, 0x0000000082200000| Updating 
|  35|0x0000000082300000, 0x0000000082400000, 0x0000000082400000|100%| O|  |TAMS 0x0000000082400000, 0x0000000082300000| Updating 
|  36|0x0000000082400000, 0x0000000082500000, 0x0000000082500000|100%| O|  |TAMS 0x0000000082500000, 0x0000000082400000| Updating 
|  37|0x0000000082500000, 0x0000000082600000, 0x0000000082600000|100%| O|  |TAMS 0x0000000082600000, 0x0000000082500000| Updating 
|  38|0x0000000082600000, 0x0000000082700000, 0x0000000082700000|100%| O|  |TAMS 0x0000000082700000, 0x0000000082600000| Updating 
|  39|0x0000000082700000, 0x0000000082800000, 0x0000000082800000|100%| O|  |TAMS 0x0000000082800000, 0x0000000082700000| Updating 
|  40|0x0000000082800000, 0x0000000082900000, 0x0000000082900000|100%| O|  |TAMS 0x0000000082900000, 0x0000000082800000| Updating 
|  41|0x0000000082900000, 0x0000000082a00000, 0x0000000082a00000|100%| O|  |TAMS 0x0000000082a00000, 0x0000000082900000| Updating 
|  42|0x0000000082a00000, 0x0000000082b00000, 0x0000000082b00000|100%| O|  |TAMS 0x0000000082b00000, 0x0000000082a00000| Updating 
|  43|0x0000000082b00000, 0x0000000082c00000, 0x0000000082c00000|100%| O|  |TAMS 0x0000000082c00000, 0x0000000082b00000| Updating 
|  44|0x0000000082c00000, 0x0000000082d00000, 0x0000000082d00000|100%| O|  |TAMS 0x0000000082d00000, 0x0000000082c00000| Updating 
|  45|0x0000000082d00000, 0x0000000082e00000, 0x0000000082e00000|100%| O|  |TAMS 0x0000000082e00000, 0x0000000082d00000| Updating 
|  46|0x0000000082e00000, 0x0000000082f00000, 0x0000000082f00000|100%| O|  |TAMS 0x0000000082f00000, 0x0000000082e00000| Updating 
|  47|0x0000000082f00000, 0x0000000083000000, 0x0000000083000000|100%| O|  |TAMS 0x0000000083000000, 0x0000000082f00000| Updating 
|  48|0x0000000083000000, 0x0000000083100000, 0x0000000083100000|100%| O|  |TAMS 0x0000000083100000, 0x0000000083000000| Updating 
|  49|0x0000000083100000, 0x0000000083200000, 0x0000000083200000|100%| O|  |TAMS 0x0000000083200000, 0x0000000083100000| Updating 
|  50|0x0000000083200000, 0x0000000083300000, 0x0000000083300000|100%| O|  |TAMS 0x0000000083300000, 0x0000000083200000| Updating 
|  51|0x0000000083300000, 0x0000000083400000, 0x0000000083400000|100%| O|  |TAMS 0x0000000083400000, 0x0000000083300000| Updating 
|  52|0x0000000083400000, 0x0000000083500000, 0x0000000083500000|100%| O|  |TAMS 0x0000000083500000, 0x0000000083400000| Updating 
|  53|0x0000000083500000, 0x0000000083600000, 0x0000000083600000|100%| O|  |TAMS 0x0000000083600000, 0x0000000083500000| Updating 
|  54|0x0000000083600000, 0x0000000083700000, 0x0000000083700000|100%| O|  |TAMS 0x0000000083700000, 0x0000000083600000| Updating 
|  55|0x0000000083700000, 0x0000000083800000, 0x0000000083800000|100%|HS|  |TAMS 0x0000000083800000, 0x0000000083700000| Complete 
|  56|0x0000000083800000, 0x0000000083900000, 0x0000000083900000|100%| O|  |TAMS 0x0000000083900000, 0x0000000083800000| Updating 
|  57|0x0000000083900000, 0x0000000083a00000, 0x0000000083a00000|100%| O|  |TAMS 0x0000000083a00000, 0x0000000083900000| Updating 
|  58|0x0000000083a00000, 0x0000000083b00000, 0x0000000083b00000|100%|HS|  |TAMS 0x0000000083b00000, 0x0000000083a00000| Complete 
|  59|0x0000000083b00000, 0x0000000083c00000, 0x0000000083c00000|100%|HC|  |TAMS 0x0000000083c00000, 0x0000000083b00000| Complete 
|  60|0x0000000083c00000, 0x0000000083d00000, 0x0000000083d00000|100%|HS|  |TAMS 0x0000000083d00000, 0x0000000083c00000| Complete 
|  61|0x0000000083d00000, 0x0000000083e00000, 0x0000000083e00000|100%|HS|  |TAMS 0x0000000083e00000, 0x0000000083d00000| Complete 
|  62|0x0000000083e00000, 0x0000000083f00000, 0x0000000083f00000|100%| O|  |TAMS 0x0000000083f00000, 0x0000000083e00000| Updating 
|  63|0x0000000083f00000, 0x0000000084000000, 0x0000000084000000|100%| O|  |TAMS 0x0000000084000000, 0x0000000083f00000| Updating 
|  64|0x0000000084000000, 0x0000000084100000, 0x0000000084100000|100%| O|  |TAMS 0x0000000084100000, 0x0000000084000000| Updating 
|  65|0x0000000084100000, 0x0000000084200000, 0x0000000084200000|100%| O|  |TAMS 0x0000000084200000, 0x0000000084100000| Updating 
|  66|0x0000000084200000, 0x0000000084300000, 0x0000000084300000|100%| O|  |TAMS 0x0000000084300000, 0x0000000084200000| Updating 
|  67|0x0000000084300000, 0x0000000084400000, 0x0000000084400000|100%| O|  |TAMS 0x0000000084400000, 0x0000000084300000| Updating 
|  68|0x0000000084400000, 0x0000000084500000, 0x0000000084500000|100%| O|  |TAMS 0x0000000084500000, 0x0000000084400000| Updating 
|  69|0x0000000084500000, 0x0000000084600000, 0x0000000084600000|100%| O|  |TAMS 0x0000000084600000, 0x0000000084500000| Updating 
|  70|0x0000000084600000, 0x0000000084700000, 0x0000000084700000|100%| O|  |TAMS 0x0000000084700000, 0x0000000084600000| Updating 
|  71|0x0000000084700000, 0x0000000084800000, 0x0000000084800000|100%| O|  |TAMS 0x0000000084800000, 0x0000000084700000| Updating 
|  72|0x0000000084800000, 0x0000000084900000, 0x0000000084900000|100%| O|  |TAMS 0x0000000084900000, 0x0000000084800000| Updating 
|  73|0x0000000084900000, 0x0000000084a00000, 0x0000000084a00000|100%| O|  |TAMS 0x0000000084a00000, 0x0000000084900000| Updating 
|  74|0x0000000084a00000, 0x0000000084b00000, 0x0000000084b00000|100%|HS|  |TAMS 0x0000000084b00000, 0x0000000084a00000| Complete 
|  75|0x0000000084b00000, 0x0000000084c00000, 0x0000000084c00000|100%| O|  |TAMS 0x0000000084c00000, 0x0000000084b00000| Updating 
|  76|0x0000000084c00000, 0x0000000084d00000, 0x0000000084d00000|100%|HS|  |TAMS 0x0000000084d00000, 0x0000000084c00000| Complete 
|  77|0x0000000084d00000, 0x0000000084e00000, 0x0000000084e00000|100%| O|  |TAMS 0x0000000084e00000, 0x0000000084d00000| Updating 
|  78|0x0000000084e00000, 0x0000000084f00000, 0x0000000084f00000|100%| O|  |TAMS 0x0000000084f00000, 0x0000000084e00000| Updating 
|  79|0x0000000084f00000, 0x0000000085000000, 0x0000000085000000|100%| O|  |TAMS 0x0000000085000000, 0x0000000084f00000| Updating 
|  80|0x0000000085000000, 0x0000000085100000, 0x0000000085100000|100%|HS|  |TAMS 0x0000000085100000, 0x0000000085000000| Complete 
|  81|0x0000000085100000, 0x0000000085200000, 0x0000000085200000|100%|HC|  |TAMS 0x0000000085200000, 0x0000000085100000| Complete 
|  82|0x0000000085200000, 0x0000000085300000, 0x0000000085300000|100%|HC|  |TAMS 0x0000000085300000, 0x0000000085200000| Complete 
|  83|0x0000000085300000, 0x0000000085400000, 0x0000000085400000|100%|HS|  |TAMS 0x0000000085400000, 0x0000000085300000| Complete 
|  84|0x0000000085400000, 0x0000000085500000, 0x0000000085500000|100%|HC|  |TAMS 0x0000000085500000, 0x0000000085400000| Complete 
|  85|0x0000000085500000, 0x0000000085600000, 0x0000000085600000|100%|HC|  |TAMS 0x0000000085600000, 0x0000000085500000| Complete 
|  86|0x0000000085600000, 0x0000000085700000, 0x0000000085700000|100%| O|  |TAMS 0x0000000085700000, 0x0000000085600000| Updating 
|  87|0x0000000085700000, 0x0000000085800000, 0x0000000085800000|100%| O|  |TAMS 0x0000000085800000, 0x0000000085700000| Updating 
|  88|0x0000000085800000, 0x0000000085900000, 0x0000000085900000|100%|HS|  |TAMS 0x0000000085900000, 0x0000000085800000| Complete 
|  89|0x0000000085900000, 0x0000000085a00000, 0x0000000085a00000|100%| O|  |TAMS 0x0000000085a00000, 0x0000000085900000| Updating 
|  90|0x0000000085a00000, 0x0000000085b00000, 0x0000000085b00000|100%| O|  |TAMS 0x0000000085b00000, 0x0000000085a00000| Updating 
|  91|0x0000000085b00000, 0x0000000085c00000, 0x0000000085c00000|100%|HS|  |TAMS 0x0000000085c00000, 0x0000000085b00000| Complete 
|  92|0x0000000085c00000, 0x0000000085d00000, 0x0000000085d00000|100%|HC|  |TAMS 0x0000000085d00000, 0x0000000085c00000| Complete 
|  93|0x0000000085d00000, 0x0000000085e00000, 0x0000000085e00000|100%|HC|  |TAMS 0x0000000085e00000, 0x0000000085d00000| Complete 
|  94|0x0000000085e00000, 0x0000000085f00000, 0x0000000085f00000|100%|HS|  |TAMS 0x0000000085f00000, 0x0000000085e00000| Complete 
|  95|0x0000000085f00000, 0x0000000086000000, 0x0000000086000000|100%| O|  |TAMS 0x0000000086000000, 0x0000000085f00000| Updating 
|  96|0x0000000086000000, 0x0000000086100000, 0x0000000086100000|100%| O|  |TAMS 0x0000000086100000, 0x0000000086000000| Updating 
|  97|0x0000000086100000, 0x0000000086200000, 0x0000000086200000|100%| O|  |TAMS 0x0000000086200000, 0x0000000086100000| Updating 
|  98|0x0000000086200000, 0x0000000086300000, 0x0000000086300000|100%| O|  |TAMS 0x0000000086300000, 0x0000000086200000| Updating 
|  99|0x0000000086300000, 0x0000000086400000, 0x0000000086400000|100%|HS|  |TAMS 0x0000000086400000, 0x0000000086300000| Complete 
| 100|0x0000000086400000, 0x0000000086500000, 0x0000000086500000|100%|HC|  |TAMS 0x0000000086500000, 0x0000000086400000| Complete 
| 101|0x0000000086500000, 0x0000000086600000, 0x0000000086600000|100%|HC|  |TAMS 0x0000000086600000, 0x0000000086500000| Complete 
| 102|0x0000000086600000, 0x0000000086700000, 0x0000000086700000|100%| O|  |TAMS 0x0000000086700000, 0x0000000086600000| Updating 
| 103|0x0000000086700000, 0x0000000086800000, 0x0000000086800000|100%| O|  |TAMS 0x0000000086800000, 0x0000000086700000| Updating 
| 104|0x0000000086800000, 0x0000000086900000, 0x0000000086900000|100%| O|  |TAMS 0x0000000086900000, 0x0000000086800000| Updating 
| 105|0x0000000086900000, 0x0000000086a00000, 0x0000000086a00000|100%| O|  |TAMS 0x0000000086a00000, 0x0000000086900000| Updating 
| 106|0x0000000086a00000, 0x0000000086b00000, 0x0000000086b00000|100%| O|  |TAMS 0x0000000086b00000, 0x0000000086a00000| Updating 
| 107|0x0000000086b00000, 0x0000000086c00000, 0x0000000086c00000|100%| O|  |TAMS 0x0000000086c00000, 0x0000000086b00000| Updating 
| 108|0x0000000086c00000, 0x0000000086d00000, 0x0000000086d00000|100%| O|  |TAMS 0x0000000086d00000, 0x0000000086c00000| Updating 
| 109|0x0000000086d00000, 0x0000000086e00000, 0x0000000086e00000|100%| O|  |TAMS 0x0000000086e00000, 0x0000000086d00000| Updating 
| 110|0x0000000086e00000, 0x0000000086f00000, 0x0000000086f00000|100%| O|  |TAMS 0x0000000086f00000, 0x0000000086e00000| Updating 
| 111|0x0000000086f00000, 0x0000000087000000, 0x0000000087000000|100%| O|  |TAMS 0x0000000087000000, 0x0000000086f00000| Updating 
| 112|0x0000000087000000, 0x0000000087100000, 0x0000000087100000|100%| O|  |TAMS 0x0000000087100000, 0x0000000087000000| Updating 
| 113|0x0000000087100000, 0x0000000087200000, 0x0000000087200000|100%| O|  |TAMS 0x0000000087200000, 0x0000000087100000| Updating 
| 114|0x0000000087200000, 0x0000000087300000, 0x0000000087300000|100%| O|  |TAMS 0x0000000087300000, 0x0000000087200000| Updating 
| 115|0x0000000087300000, 0x0000000087400000, 0x0000000087400000|100%| O|  |TAMS 0x0000000087400000, 0x0000000087300000| Updating 
| 116|0x0000000087400000, 0x0000000087500000, 0x0000000087500000|100%| O|  |TAMS 0x0000000087500000, 0x0000000087400000| Updating 
| 117|0x0000000087500000, 0x0000000087600000, 0x0000000087600000|100%| O|  |TAMS 0x0000000087600000, 0x0000000087500000| Updating 
| 118|0x0000000087600000, 0x0000000087700000, 0x0000000087700000|100%| O|  |TAMS 0x0000000087700000, 0x0000000087600000| Updating 
| 119|0x0000000087700000, 0x0000000087800000, 0x0000000087800000|100%| O|  |TAMS 0x0000000087800000, 0x0000000087700000| Updating 
| 120|0x0000000087800000, 0x0000000087900000, 0x0000000087900000|100%| O|  |TAMS 0x0000000087900000, 0x0000000087800000| Updating 
| 121|0x0000000087900000, 0x0000000087a00000, 0x0000000087a00000|100%| O|  |TAMS 0x0000000087a00000, 0x0000000087900000| Updating 
| 122|0x0000000087a00000, 0x0000000087b00000, 0x0000000087b00000|100%| O|  |TAMS 0x0000000087b00000, 0x0000000087a00000| Updating 
| 123|0x0000000087b00000, 0x0000000087c00000, 0x0000000087c00000|100%| O|  |TAMS 0x0000000087c00000, 0x0000000087b00000| Updating 
| 124|0x0000000087c00000, 0x0000000087d00000, 0x0000000087d00000|100%| O|  |TAMS 0x0000000087d00000, 0x0000000087c00000| Updating 
| 125|0x0000000087d00000, 0x0000000087e00000, 0x0000000087e00000|100%| O|  |TAMS 0x0000000087e00000, 0x0000000087d00000| Updating 
| 126|0x0000000087e00000, 0x0000000087f00000, 0x0000000087f00000|100%|HS|  |TAMS 0x0000000087f00000, 0x0000000087e00000| Complete 
| 127|0x0000000087f00000, 0x0000000088000000, 0x0000000088000000|100%|HC|  |TAMS 0x0000000088000000, 0x0000000087f00000| Complete 
| 128|0x0000000088000000, 0x0000000088100000, 0x0000000088100000|100%|HC|  |TAMS 0x0000000088100000, 0x0000000088000000| Complete 
| 129|0x0000000088100000, 0x0000000088200000, 0x0000000088200000|100%|HC|  |TAMS 0x0000000088200000, 0x0000000088100000| Complete 
| 130|0x0000000088200000, 0x0000000088300000, 0x0000000088300000|100%|HC|  |TAMS 0x0000000088300000, 0x0000000088200000| Complete 
| 131|0x0000000088300000, 0x0000000088400000, 0x0000000088400000|100%|HC|  |TAMS 0x0000000088400000, 0x0000000088300000| Complete 
| 132|0x0000000088400000, 0x0000000088500000, 0x0000000088500000|100%|HS|  |TAMS 0x0000000088500000, 0x0000000088400000| Complete 
| 133|0x0000000088500000, 0x0000000088600000, 0x0000000088600000|100%|HC|  |TAMS 0x0000000088600000, 0x0000000088500000| Complete 
| 134|0x0000000088600000, 0x0000000088700000, 0x0000000088700000|100%|HC|  |TAMS 0x0000000088700000, 0x0000000088600000| Complete 
| 135|0x0000000088700000, 0x0000000088800000, 0x0000000088800000|100%|HC|  |TAMS 0x0000000088800000, 0x0000000088700000| Complete 
| 136|0x0000000088800000, 0x0000000088900000, 0x0000000088900000|100%|HC|  |TAMS 0x0000000088900000, 0x0000000088800000| Complete 
| 137|0x0000000088900000, 0x0000000088a00000, 0x0000000088a00000|100%|HS|  |TAMS 0x0000000088a00000, 0x0000000088900000| Complete 
| 138|0x0000000088a00000, 0x0000000088b00000, 0x0000000088b00000|100%|HC|  |TAMS 0x0000000088b00000, 0x0000000088a00000| Complete 
| 139|0x0000000088b00000, 0x0000000088c00000, 0x0000000088c00000|100%|HS|  |TAMS 0x0000000088c00000, 0x0000000088b00000| Complete 
| 140|0x0000000088c00000, 0x0000000088d00000, 0x0000000088d00000|100%| O|  |TAMS 0x0000000088d00000, 0x0000000088c00000| Updating 
| 141|0x0000000088d00000, 0x0000000088e00000, 0x0000000088e00000|100%| O|  |TAMS 0x0000000088e00000, 0x0000000088d00000| Updating 
| 142|0x0000000088e00000, 0x0000000088f00000, 0x0000000088f00000|100%| O|  |TAMS 0x0000000088f00000, 0x0000000088e00000| Updating 
| 143|0x0000000088f00000, 0x0000000089000000, 0x0000000089000000|100%|HS|  |TAMS 0x0000000089000000, 0x0000000088f00000| Complete 
| 144|0x0000000089000000, 0x0000000089100000, 0x0000000089100000|100%|HC|  |TAMS 0x0000000089100000, 0x0000000089000000| Complete 
| 145|0x0000000089100000, 0x0000000089200000, 0x0000000089200000|100%|HC|  |TAMS 0x0000000089200000, 0x0000000089100000| Complete 
| 146|0x0000000089200000, 0x0000000089300000, 0x0000000089300000|100%| O|  |TAMS 0x0000000089300000, 0x0000000089200000| Updating 
| 147|0x0000000089300000, 0x0000000089400000, 0x0000000089400000|100%| O|  |TAMS 0x0000000089400000, 0x0000000089300000| Updating 
| 148|0x0000000089400000, 0x0000000089500000, 0x0000000089500000|100%| O|  |TAMS 0x0000000089500000, 0x0000000089400000| Updating 
| 149|0x0000000089500000, 0x0000000089600000, 0x0000000089600000|100%|HS|  |TAMS 0x0000000089600000, 0x0000000089500000| Complete 
| 150|0x0000000089600000, 0x0000000089700000, 0x0000000089700000|100%|HC|  |TAMS 0x0000000089700000, 0x0000000089600000| Complete 
| 151|0x0000000089700000, 0x0000000089800000, 0x0000000089800000|100%|HC|  |TAMS 0x0000000089800000, 0x0000000089700000| Complete 
| 152|0x0000000089800000, 0x0000000089900000, 0x0000000089900000|100%| O|  |TAMS 0x0000000089900000, 0x0000000089800000| Updating 
| 153|0x0000000089900000, 0x0000000089a00000, 0x0000000089a00000|100%|HS|  |TAMS 0x0000000089a00000, 0x0000000089900000| Complete 
| 154|0x0000000089a00000, 0x0000000089b00000, 0x0000000089b00000|100%| O|  |TAMS 0x0000000089b00000, 0x0000000089a00000| Updating 
| 155|0x0000000089b00000, 0x0000000089c00000, 0x0000000089c00000|100%|HS|  |TAMS 0x0000000089c00000, 0x0000000089b00000| Complete 
| 156|0x0000000089c00000, 0x0000000089d00000, 0x0000000089d00000|100%| O|  |TAMS 0x0000000089d00000, 0x0000000089c00000| Updating 
| 157|0x0000000089d00000, 0x0000000089e00000, 0x0000000089e00000|100%| O|  |TAMS 0x0000000089e00000, 0x0000000089d00000| Updating 
| 158|0x0000000089e00000, 0x0000000089f00000, 0x0000000089f00000|100%| O|  |TAMS 0x0000000089f00000, 0x0000000089e00000| Updating 
| 159|0x0000000089f00000, 0x000000008a000000, 0x000000008a000000|100%|HS|  |TAMS 0x000000008a000000, 0x0000000089f00000| Complete 
| 160|0x000000008a000000, 0x000000008a100000, 0x000000008a100000|100%|HC|  |TAMS 0x000000008a100000, 0x000000008a000000| Complete 
| 161|0x000000008a100000, 0x000000008a200000, 0x000000008a200000|100%|HC|  |TAMS 0x000000008a200000, 0x000000008a100000| Complete 
| 162|0x000000008a200000, 0x000000008a300000, 0x000000008a300000|100%|HS|  |TAMS 0x000000008a300000, 0x000000008a200000| Complete 
| 163|0x000000008a300000, 0x000000008a400000, 0x000000008a400000|100%|HS|  |TAMS 0x000000008a400000, 0x000000008a300000| Complete 
| 164|0x000000008a400000, 0x000000008a500000, 0x000000008a500000|100%| O|  |TAMS 0x000000008a500000, 0x000000008a400000| Updating 
| 165|0x000000008a500000, 0x000000008a600000, 0x000000008a600000|100%| O|  |TAMS 0x000000008a600000, 0x000000008a500000| Updating 
| 166|0x000000008a600000, 0x000000008a700000, 0x000000008a700000|100%| O|  |TAMS 0x000000008a700000, 0x000000008a600000| Updating 
| 167|0x000000008a700000, 0x000000008a800000, 0x000000008a800000|100%| O|  |TAMS 0x000000008a800000, 0x000000008a700000| Updating 
| 168|0x000000008a800000, 0x000000008a900000, 0x000000008a900000|100%| O|  |TAMS 0x000000008a900000, 0x000000008a800000| Updating 
| 169|0x000000008a900000, 0x000000008aa00000, 0x000000008aa00000|100%| O|  |TAMS 0x000000008aa00000, 0x000000008a900000| Updating 
| 170|0x000000008aa00000, 0x000000008ab00000, 0x000000008ab00000|100%| O|  |TAMS 0x000000008ab00000, 0x000000008aa00000| Updating 
| 171|0x000000008ab00000, 0x000000008ac00000, 0x000000008ac00000|100%| O|  |TAMS 0x000000008ac00000, 0x000000008ab00000| Updating 
| 172|0x000000008ac00000, 0x000000008ad00000, 0x000000008ad00000|100%| O|  |TAMS 0x000000008ad00000, 0x000000008ac00000| Updating 
| 173|0x000000008ad00000, 0x000000008ae00000, 0x000000008ae00000|100%| O|  |TAMS 0x000000008ae00000, 0x000000008ad00000| Updating 
| 174|0x000000008ae00000, 0x000000008af00000, 0x000000008af00000|100%| O|  |TAMS 0x000000008af00000, 0x000000008ae00000| Updating 
| 175|0x000000008af00000, 0x000000008b000000, 0x000000008b000000|100%| O|  |TAMS 0x000000008b000000, 0x000000008af00000| Updating 
| 176|0x000000008b000000, 0x000000008b100000, 0x000000008b100000|100%| O|  |TAMS 0x000000008b100000, 0x000000008b000000| Updating 
| 177|0x000000008b100000, 0x000000008b200000, 0x000000008b200000|100%| O|  |TAMS 0x000000008b200000, 0x000000008b100000| Updating 
| 178|0x000000008b200000, 0x000000008b300000, 0x000000008b300000|100%| O|  |TAMS 0x000000008b259800, 0x000000008b200000| Updating 
| 179|0x000000008b300000, 0x000000008b300000, 0x000000008b400000|  0%| F|  |TAMS 0x000000008b300000, 0x000000008b300000| Untracked 
| 180|0x000000008b400000, 0x000000008b500000, 0x000000008b500000|100%|HS|  |TAMS 0x000000008b500000, 0x000000008b400000| Complete 
| 181|0x000000008b500000, 0x000000008b600000, 0x000000008b600000|100%|HC|  |TAMS 0x000000008b600000, 0x000000008b500000| Complete 
| 182|0x000000008b600000, 0x000000008b700000, 0x000000008b700000|100%|HC|  |TAMS 0x000000008b700000, 0x000000008b600000| Complete 
| 183|0x000000008b700000, 0x000000008b800000, 0x000000008b800000|100%|HC|  |TAMS 0x000000008b800000, 0x000000008b700000| Complete 
| 184|0x000000008b800000, 0x000000008b900000, 0x000000008b900000|100%|HC|  |TAMS 0x000000008b900000, 0x000000008b800000| Complete 
| 185|0x000000008b900000, 0x000000008ba00000, 0x000000008ba00000|100%|HC|  |TAMS 0x000000008ba00000, 0x000000008b900000| Complete 
| 186|0x000000008ba00000, 0x000000008bb00000, 0x000000008bb00000|100%|HS|  |TAMS 0x000000008bb00000, 0x000000008ba00000| Complete 
| 187|0x000000008bb00000, 0x000000008bc00000, 0x000000008bc00000|100%|HC|  |TAMS 0x000000008bc00000, 0x000000008bb00000| Complete 
| 188|0x000000008bc00000, 0x000000008bd00000, 0x000000008bd00000|100%|HC|  |TAMS 0x000000008bd00000, 0x000000008bc00000| Complete 
| 189|0x000000008bd00000, 0x000000008be00000, 0x000000008be00000|100%|HC|  |TAMS 0x000000008be00000, 0x000000008bd00000| Complete 
| 190|0x000000008be00000, 0x000000008bf00000, 0x000000008bf00000|100%|HC|  |TAMS 0x000000008bf00000, 0x000000008be00000| Complete 
| 191|0x000000008bf00000, 0x000000008c000000, 0x000000008c000000|100%|HS|  |TAMS 0x000000008bf00000, 0x000000008bf00000| Complete 
| 192|0x000000008c000000, 0x000000008c100000, 0x000000008c100000|100%|HC|  |TAMS 0x000000008c000000, 0x000000008c000000| Complete 
| 193|0x000000008c100000, 0x000000008c200000, 0x000000008c200000|100%|HS|  |TAMS 0x000000008c100000, 0x000000008c100000| Complete 
| 194|0x000000008c200000, 0x000000008c300000, 0x000000008c300000|100%|HS|  |TAMS 0x000000008c300000, 0x000000008c200000| Complete 
| 195|0x000000008c300000, 0x000000008c400000, 0x000000008c400000|100%|HC|  |TAMS 0x000000008c400000, 0x000000008c300000| Complete 
| 196|0x000000008c400000, 0x000000008c500000, 0x000000008c500000|100%|HC|  |TAMS 0x000000008c500000, 0x000000008c400000| Complete 
| 197|0x000000008c500000, 0x000000008c600000, 0x000000008c600000|100%| O|  |TAMS 0x000000008c500000, 0x000000008c500000| Untracked 
| 198|0x000000008c600000, 0x000000008c700000, 0x000000008c700000|100%|HS|  |TAMS 0x000000008c700000, 0x000000008c600000| Complete 
| 199|0x000000008c700000, 0x000000008c700000, 0x000000008c800000|  0%| F|  |TAMS 0x000000008c700000, 0x000000008c700000| Untracked 
| 200|0x000000008c800000, 0x000000008c900000, 0x000000008c900000|100%|HS|  |TAMS 0x000000008c800000, 0x000000008c800000| Complete 
| 201|0x000000008c900000, 0x000000008c900000, 0x000000008ca00000|  0%| F|  |TAMS 0x000000008c900000, 0x000000008c900000| Untracked 
| 202|0x000000008ca00000, 0x000000008ca00000, 0x000000008cb00000|  0%| F|  |TAMS 0x000000008ca00000, 0x000000008ca00000| Untracked 
| 203|0x000000008cb00000, 0x000000008cc00000, 0x000000008cc00000|100%| O|  |TAMS 0x000000008cb00000, 0x000000008cb00000| Untracked 
| 204|0x000000008cc00000, 0x000000008cd00000, 0x000000008cd00000|100%| O|  |TAMS 0x000000008cc00000, 0x000000008cc00000| Untracked 
| 205|0x000000008cd00000, 0x000000008ce00000, 0x000000008ce00000|100%| O|  |TAMS 0x000000008cd00000, 0x000000008cd00000| Untracked 
| 206|0x000000008ce00000, 0x000000008cf00000, 0x000000008cf00000|100%| O|  |TAMS 0x000000008ce00000, 0x000000008ce00000| Untracked 
| 207|0x000000008cf00000, 0x000000008d000000, 0x000000008d000000|100%| O|  |TAMS 0x000000008cf00000, 0x000000008cf00000| Updating 
| 208|0x000000008d000000, 0x000000008d100000, 0x000000008d100000|100%|HS|  |TAMS 0x000000008d000000, 0x000000008d000000| Complete 
| 209|0x000000008d100000, 0x000000008d200000, 0x000000008d200000|100%|HC|  |TAMS 0x000000008d100000, 0x000000008d100000| Complete 
| 210|0x000000008d200000, 0x000000008d300000, 0x000000008d300000|100%| O|  |TAMS 0x000000008d200000, 0x000000008d200000| Untracked 
| 211|0x000000008d300000, 0x000000008d400000, 0x000000008d400000|100%| O|  |TAMS 0x000000008d300000, 0x000000008d300000| Untracked 
| 212|0x000000008d400000, 0x000000008d500000, 0x000000008d500000|100%| O|  |TAMS 0x000000008d400000, 0x000000008d400000| Untracked 
| 213|0x000000008d500000, 0x000000008d600000, 0x000000008d600000|100%| O|  |TAMS 0x000000008d500000, 0x000000008d500000| Untracked 
| 214|0x000000008d600000, 0x000000008d700000, 0x000000008d700000|100%| O|  |TAMS 0x000000008d600000, 0x000000008d600000| Untracked 
| 215|0x000000008d700000, 0x000000008d800000, 0x000000008d800000|100%| O|  |TAMS 0x000000008d700000, 0x000000008d700000| Untracked 
| 216|0x000000008d800000, 0x000000008d8ca400, 0x000000008d900000| 79%| O|  |TAMS 0x000000008d800000, 0x000000008d800000| Untracked 
| 217|0x000000008d900000, 0x000000008d900000, 0x000000008da00000|  0%| F|  |TAMS 0x000000008d900000, 0x000000008d900000| Untracked 
| 218|0x000000008da00000, 0x000000008da00000, 0x000000008db00000|  0%| F|  |TAMS 0x000000008da00000, 0x000000008da00000| Untracked 
| 219|0x000000008db00000, 0x000000008db00000, 0x000000008dc00000|  0%| F|  |TAMS 0x000000008db00000, 0x000000008db00000| Untracked 
| 220|0x000000008dc00000, 0x000000008dc00000, 0x000000008dd00000|  0%| F|  |TAMS 0x000000008dc00000, 0x000000008dc00000| Untracked 
| 221|0x000000008dd00000, 0x000000008dd00000, 0x000000008de00000|  0%| F|  |TAMS 0x000000008dd00000, 0x000000008dd00000| Untracked 
| 222|0x000000008de00000, 0x000000008de00000, 0x000000008df00000|  0%| F|  |TAMS 0x000000008de00000, 0x000000008de00000| Untracked 
| 223|0x000000008df00000, 0x000000008df00000, 0x000000008e000000|  0%| F|  |TAMS 0x000000008df00000, 0x000000008df00000| Untracked 
| 224|0x000000008e000000, 0x000000008e000000, 0x000000008e100000|  0%| F|  |TAMS 0x000000008e000000, 0x000000008e000000| Untracked 
| 225|0x000000008e100000, 0x000000008e100000, 0x000000008e200000|  0%| F|  |TAMS 0x000000008e100000, 0x000000008e100000| Untracked 
| 226|0x000000008e200000, 0x000000008e200000, 0x000000008e300000|  0%| F|  |TAMS 0x000000008e200000, 0x000000008e200000| Untracked 
| 227|0x000000008e300000, 0x000000008e300000, 0x000000008e400000|  0%| F|  |TAMS 0x000000008e300000, 0x000000008e300000| Untracked 
| 228|0x000000008e400000, 0x000000008e400000, 0x000000008e500000|  0%| F|  |TAMS 0x000000008e400000, 0x000000008e400000| Untracked 
| 229|0x000000008e500000, 0x000000008e500000, 0x000000008e600000|  0%| F|  |TAMS 0x000000008e500000, 0x000000008e500000| Untracked 
| 230|0x000000008e600000, 0x000000008e600000, 0x000000008e700000|  0%| F|  |TAMS 0x000000008e600000, 0x000000008e600000| Untracked 
| 231|0x000000008e700000, 0x000000008e700000, 0x000000008e800000|  0%| F|  |TAMS 0x000000008e700000, 0x000000008e700000| Untracked 
| 232|0x000000008e800000, 0x000000008e800000, 0x000000008e900000|  0%| F|  |TAMS 0x000000008e800000, 0x000000008e800000| Untracked 
| 233|0x000000008e900000, 0x000000008e900000, 0x000000008ea00000|  0%| F|  |TAMS 0x000000008e900000, 0x000000008e900000| Untracked 
| 234|0x000000008ea00000, 0x000000008ea00000, 0x000000008eb00000|  0%| F|  |TAMS 0x000000008ea00000, 0x000000008ea00000| Untracked 
| 235|0x000000008eb00000, 0x000000008eb00000, 0x000000008ec00000|  0%| F|  |TAMS 0x000000008eb00000, 0x000000008eb00000| Untracked 
| 236|0x000000008ec00000, 0x000000008ec00000, 0x000000008ed00000|  0%| F|  |TAMS 0x000000008ec00000, 0x000000008ec00000| Untracked 
| 237|0x000000008ed00000, 0x000000008ed00000, 0x000000008ee00000|  0%| F|  |TAMS 0x000000008ed00000, 0x000000008ed00000| Untracked 
| 238|0x000000008ee00000, 0x000000008ee00000, 0x000000008ef00000|  0%| F|  |TAMS 0x000000008ee00000, 0x000000008ee00000| Untracked 
| 239|0x000000008ef00000, 0x000000008ef00000, 0x000000008f000000|  0%| F|  |TAMS 0x000000008ef00000, 0x000000008ef00000| Untracked 
| 240|0x000000008f000000, 0x000000008f000000, 0x000000008f100000|  0%| F|  |TAMS 0x000000008f000000, 0x000000008f000000| Untracked 
| 241|0x000000008f100000, 0x000000008f100000, 0x000000008f200000|  0%| F|  |TAMS 0x000000008f100000, 0x000000008f100000| Untracked 
| 242|0x000000008f200000, 0x000000008f200000, 0x000000008f300000|  0%| F|  |TAMS 0x000000008f200000, 0x000000008f200000| Untracked 
| 243|0x000000008f300000, 0x000000008f300000, 0x000000008f400000|  0%| F|  |TAMS 0x000000008f300000, 0x000000008f300000| Untracked 
| 244|0x000000008f400000, 0x000000008f400000, 0x000000008f500000|  0%| F|  |TAMS 0x000000008f400000, 0x000000008f400000| Untracked 
| 245|0x000000008f500000, 0x000000008f500000, 0x000000008f600000|  0%| F|  |TAMS 0x000000008f500000, 0x000000008f500000| Untracked 
| 246|0x000000008f600000, 0x000000008f600000, 0x000000008f700000|  0%| F|  |TAMS 0x000000008f600000, 0x000000008f600000| Untracked 
| 247|0x000000008f700000, 0x000000008f700000, 0x000000008f800000|  0%| F|  |TAMS 0x000000008f700000, 0x000000008f700000| Untracked 
| 248|0x000000008f800000, 0x000000008f800000, 0x000000008f900000|  0%| F|  |TAMS 0x000000008f800000, 0x000000008f800000| Untracked 
| 249|0x000000008f900000, 0x000000008f900000, 0x000000008fa00000|  0%| F|  |TAMS 0x000000008f900000, 0x000000008f900000| Untracked 
| 250|0x000000008fa00000, 0x000000008fa00000, 0x000000008fb00000|  0%| F|  |TAMS 0x000000008fa00000, 0x000000008fa00000| Untracked 
| 251|0x000000008fb00000, 0x000000008fb00000, 0x000000008fc00000|  0%| F|  |TAMS 0x000000008fb00000, 0x000000008fb00000| Untracked 
| 252|0x000000008fc00000, 0x000000008fc00000, 0x000000008fd00000|  0%| F|  |TAMS 0x000000008fc00000, 0x000000008fc00000| Untracked 
| 253|0x000000008fd00000, 0x000000008fd00000, 0x000000008fe00000|  0%| F|  |TAMS 0x000000008fd00000, 0x000000008fd00000| Untracked 
| 254|0x000000008fe00000, 0x000000008fe00000, 0x000000008ff00000|  0%| F|  |TAMS 0x000000008fe00000, 0x000000008fe00000| Untracked 
| 255|0x000000008ff00000, 0x000000008ff00000, 0x0000000090000000|  0%| F|  |TAMS 0x000000008ff00000, 0x000000008ff00000| Untracked 
| 256|0x0000000090000000, 0x0000000090000000, 0x0000000090100000|  0%| F|  |TAMS 0x0000000090000000, 0x0000000090000000| Untracked 
| 257|0x0000000090100000, 0x0000000090100000, 0x0000000090200000|  0%| F|  |TAMS 0x0000000090100000, 0x0000000090100000| Untracked 
| 258|0x0000000090200000, 0x0000000090200000, 0x0000000090300000|  0%| F|  |TAMS 0x0000000090200000, 0x0000000090200000| Untracked 
| 259|0x0000000090300000, 0x0000000090300000, 0x0000000090400000|  0%| F|  |TAMS 0x0000000090300000, 0x0000000090300000| Untracked 
| 260|0x0000000090400000, 0x000000009049ab60, 0x0000000090500000| 60%| S|CS|TAMS 0x0000000090400000, 0x0000000090400000| Complete 
| 261|0x0000000090500000, 0x0000000090600000, 0x0000000090600000|100%| S|CS|TAMS 0x0000000090500000, 0x0000000090500000| Complete 
| 262|0x0000000090600000, 0x0000000090700000, 0x0000000090700000|100%| O|  |TAMS 0x0000000090700000, 0x0000000090600000| Updating 
| 263|0x0000000090700000, 0x0000000090800000, 0x0000000090800000|100%| S|CS|TAMS 0x0000000090700000, 0x0000000090700000| Complete 
| 264|0x0000000090800000, 0x0000000090800000, 0x0000000090900000|  0%| F|  |TAMS 0x0000000090800000, 0x0000000090800000| Untracked 
| 265|0x0000000090900000, 0x0000000090a00000, 0x0000000090a00000|100%| O|  |TAMS 0x0000000090a00000, 0x0000000090900000| Updating 
| 266|0x0000000090a00000, 0x0000000090a00000, 0x0000000090b00000|  0%| F|  |TAMS 0x0000000090a00000, 0x0000000090a00000| Untracked 
| 267|0x0000000090b00000, 0x0000000090c00000, 0x0000000090c00000|100%| S|CS|TAMS 0x0000000090b00000, 0x0000000090b00000| Complete 
| 268|0x0000000090c00000, 0x0000000090d00000, 0x0000000090d00000|100%| S|CS|TAMS 0x0000000090c00000, 0x0000000090c00000| Complete 
| 269|0x0000000090d00000, 0x0000000090e00000, 0x0000000090e00000|100%| S|CS|TAMS 0x0000000090d00000, 0x0000000090d00000| Complete 
| 270|0x0000000090e00000, 0x0000000090f00000, 0x0000000090f00000|100%| S|CS|TAMS 0x0000000090e00000, 0x0000000090e00000| Complete 
| 271|0x0000000090f00000, 0x0000000091000000, 0x0000000091000000|100%| S|CS|TAMS 0x0000000090f00000, 0x0000000090f00000| Complete 
| 272|0x0000000091000000, 0x0000000091000000, 0x0000000091100000|  0%| F|  |TAMS 0x0000000091000000, 0x0000000091000000| Untracked 
| 273|0x0000000091100000, 0x0000000091100000, 0x0000000091200000|  0%| F|  |TAMS 0x0000000091100000, 0x0000000091100000| Untracked 
| 274|0x0000000091200000, 0x0000000091200000, 0x0000000091300000|  0%| F|  |TAMS 0x0000000091200000, 0x0000000091200000| Untracked 
| 275|0x0000000091300000, 0x0000000091300000, 0x0000000091400000|  0%| F|  |TAMS 0x0000000091300000, 0x0000000091300000| Untracked 
| 276|0x0000000091400000, 0x0000000091400000, 0x0000000091500000|  0%| F|  |TAMS 0x0000000091400000, 0x0000000091400000| Untracked 
| 277|0x0000000091500000, 0x0000000091500000, 0x0000000091600000|  0%| F|  |TAMS 0x0000000091500000, 0x0000000091500000| Untracked 
| 278|0x0000000091600000, 0x0000000091600000, 0x0000000091700000|  0%| F|  |TAMS 0x0000000091600000, 0x0000000091600000| Untracked 
| 279|0x0000000091700000, 0x0000000091700000, 0x0000000091800000|  0%| F|  |TAMS 0x0000000091700000, 0x0000000091700000| Untracked 
| 280|0x0000000091800000, 0x0000000091800000, 0x0000000091900000|  0%| F|  |TAMS 0x0000000091800000, 0x0000000091800000| Untracked 
| 281|0x0000000091900000, 0x0000000091900000, 0x0000000091a00000|  0%| F|  |TAMS 0x0000000091900000, 0x0000000091900000| Untracked 
| 282|0x0000000091a00000, 0x0000000091a00000, 0x0000000091b00000|  0%| F|  |TAMS 0x0000000091a00000, 0x0000000091a00000| Untracked 
| 283|0x0000000091b00000, 0x0000000091b00000, 0x0000000091c00000|  0%| F|  |TAMS 0x0000000091b00000, 0x0000000091b00000| Untracked 
| 284|0x0000000091c00000, 0x0000000091c00000, 0x0000000091d00000|  0%| F|  |TAMS 0x0000000091c00000, 0x0000000091c00000| Untracked 
| 285|0x0000000091d00000, 0x0000000091d00000, 0x0000000091e00000|  0%| F|  |TAMS 0x0000000091d00000, 0x0000000091d00000| Untracked 
| 286|0x0000000091e00000, 0x0000000091e00000, 0x0000000091f00000|  0%| F|  |TAMS 0x0000000091e00000, 0x0000000091e00000| Untracked 
| 287|0x0000000091f00000, 0x0000000091f00000, 0x0000000092000000|  0%| F|  |TAMS 0x0000000091f00000, 0x0000000091f00000| Untracked 
| 288|0x0000000092000000, 0x0000000092000000, 0x0000000092100000|  0%| F|  |TAMS 0x0000000092000000, 0x0000000092000000| Untracked 
| 289|0x0000000092100000, 0x0000000092100000, 0x0000000092200000|  0%| F|  |TAMS 0x0000000092100000, 0x0000000092100000| Untracked 
| 290|0x0000000092200000, 0x0000000092200000, 0x0000000092300000|  0%| F|  |TAMS 0x0000000092200000, 0x0000000092200000| Untracked 
| 291|0x0000000092300000, 0x0000000092300000, 0x0000000092400000|  0%| F|  |TAMS 0x0000000092300000, 0x0000000092300000| Untracked 
| 292|0x0000000092400000, 0x0000000092400000, 0x0000000092500000|  0%| F|  |TAMS 0x0000000092400000, 0x0000000092400000| Untracked 
| 293|0x0000000092500000, 0x0000000092500000, 0x0000000092600000|  0%| F|  |TAMS 0x0000000092500000, 0x0000000092500000| Untracked 
| 294|0x0000000092600000, 0x0000000092600000, 0x0000000092700000|  0%| F|  |TAMS 0x0000000092600000, 0x0000000092600000| Untracked 
| 295|0x0000000092700000, 0x0000000092700000, 0x0000000092800000|  0%| F|  |TAMS 0x0000000092700000, 0x0000000092700000| Untracked 
| 296|0x0000000092800000, 0x0000000092800000, 0x0000000092900000|  0%| F|  |TAMS 0x0000000092800000, 0x0000000092800000| Untracked 
| 297|0x0000000092900000, 0x0000000092900000, 0x0000000092a00000|  0%| F|  |TAMS 0x0000000092900000, 0x0000000092900000| Untracked 
| 298|0x0000000092a00000, 0x0000000092a00000, 0x0000000092b00000|  0%| F|  |TAMS 0x0000000092a00000, 0x0000000092a00000| Untracked 
| 299|0x0000000092b00000, 0x0000000092b00000, 0x0000000092c00000|  0%| F|  |TAMS 0x0000000092b00000, 0x0000000092b00000| Untracked 
| 300|0x0000000092c00000, 0x0000000092c00000, 0x0000000092d00000|  0%| F|  |TAMS 0x0000000092c00000, 0x0000000092c00000| Untracked 
| 301|0x0000000092d00000, 0x0000000092d00000, 0x0000000092e00000|  0%| F|  |TAMS 0x0000000092d00000, 0x0000000092d00000| Untracked 
| 302|0x0000000092e00000, 0x0000000092e00000, 0x0000000092f00000|  0%| F|  |TAMS 0x0000000092e00000, 0x0000000092e00000| Untracked 
| 303|0x0000000092f00000, 0x0000000092f00000, 0x0000000093000000|  0%| F|  |TAMS 0x0000000092f00000, 0x0000000092f00000| Untracked 
| 304|0x0000000093000000, 0x0000000093000000, 0x0000000093100000|  0%| F|  |TAMS 0x0000000093000000, 0x0000000093000000| Untracked 
| 305|0x0000000093100000, 0x0000000093100000, 0x0000000093200000|  0%| F|  |TAMS 0x0000000093100000, 0x0000000093100000| Untracked 
| 306|0x0000000093200000, 0x0000000093200000, 0x0000000093300000|  0%| F|  |TAMS 0x0000000093200000, 0x0000000093200000| Untracked 
| 307|0x0000000093300000, 0x0000000093300000, 0x0000000093400000|  0%| F|  |TAMS 0x0000000093300000, 0x0000000093300000| Untracked 
| 308|0x0000000093400000, 0x0000000093400000, 0x0000000093500000|  0%| F|  |TAMS 0x0000000093400000, 0x0000000093400000| Untracked 
| 309|0x0000000093500000, 0x0000000093500000, 0x0000000093600000|  0%| F|  |TAMS 0x0000000093500000, 0x0000000093500000| Untracked 
| 310|0x0000000093600000, 0x0000000093600000, 0x0000000093700000|  0%| F|  |TAMS 0x0000000093600000, 0x0000000093600000| Untracked 
| 311|0x0000000093700000, 0x0000000093700000, 0x0000000093800000|  0%| F|  |TAMS 0x0000000093700000, 0x0000000093700000| Untracked 
| 312|0x0000000093800000, 0x0000000093800000, 0x0000000093900000|  0%| F|  |TAMS 0x0000000093800000, 0x0000000093800000| Untracked 
| 313|0x0000000093900000, 0x0000000093900000, 0x0000000093a00000|  0%| F|  |TAMS 0x0000000093900000, 0x0000000093900000| Untracked 
| 314|0x0000000093a00000, 0x0000000093a00000, 0x0000000093b00000|  0%| F|  |TAMS 0x0000000093a00000, 0x0000000093a00000| Untracked 
| 315|0x0000000093b00000, 0x0000000093b00000, 0x0000000093c00000|  0%| F|  |TAMS 0x0000000093b00000, 0x0000000093b00000| Untracked 
| 316|0x0000000093c00000, 0x0000000093c00000, 0x0000000093d00000|  0%| F|  |TAMS 0x0000000093c00000, 0x0000000093c00000| Untracked 
| 317|0x0000000093d00000, 0x0000000093d00000, 0x0000000093e00000|  0%| F|  |TAMS 0x0000000093d00000, 0x0000000093d00000| Untracked 
| 318|0x0000000093e00000, 0x0000000093e00000, 0x0000000093f00000|  0%| F|  |TAMS 0x0000000093e00000, 0x0000000093e00000| Untracked 
| 319|0x0000000093f00000, 0x0000000093f00000, 0x0000000094000000|  0%| F|  |TAMS 0x0000000093f00000, 0x0000000093f00000| Untracked 
| 320|0x0000000094000000, 0x0000000094000000, 0x0000000094100000|  0%| F|  |TAMS 0x0000000094000000, 0x0000000094000000| Untracked 
| 321|0x0000000094100000, 0x0000000094100000, 0x0000000094200000|  0%| F|  |TAMS 0x0000000094100000, 0x0000000094100000| Untracked 
| 322|0x0000000094200000, 0x0000000094200000, 0x0000000094300000|  0%| F|  |TAMS 0x0000000094200000, 0x0000000094200000| Untracked 
| 323|0x0000000094300000, 0x0000000094300000, 0x0000000094400000|  0%| F|  |TAMS 0x0000000094300000, 0x0000000094300000| Untracked 
| 324|0x0000000094400000, 0x0000000094400000, 0x0000000094500000|  0%| F|  |TAMS 0x0000000094400000, 0x0000000094400000| Untracked 
| 325|0x0000000094500000, 0x0000000094500000, 0x0000000094600000|  0%| F|  |TAMS 0x0000000094500000, 0x0000000094500000| Untracked 
| 326|0x0000000094600000, 0x0000000094600000, 0x0000000094700000|  0%| F|  |TAMS 0x0000000094600000, 0x0000000094600000| Untracked 
| 327|0x0000000094700000, 0x0000000094700000, 0x0000000094800000|  0%| F|  |TAMS 0x0000000094700000, 0x0000000094700000| Untracked 
| 328|0x0000000094800000, 0x0000000094800000, 0x0000000094900000|  0%| F|  |TAMS 0x0000000094800000, 0x0000000094800000| Untracked 
| 329|0x0000000094900000, 0x0000000094900000, 0x0000000094a00000|  0%| F|  |TAMS 0x0000000094900000, 0x0000000094900000| Untracked 
| 330|0x0000000094a00000, 0x0000000094a00000, 0x0000000094b00000|  0%| F|  |TAMS 0x0000000094a00000, 0x0000000094a00000| Untracked 
| 331|0x0000000094b00000, 0x0000000094b00000, 0x0000000094c00000|  0%| F|  |TAMS 0x0000000094b00000, 0x0000000094b00000| Untracked 
| 332|0x0000000094c00000, 0x0000000094c00000, 0x0000000094d00000|  0%| F|  |TAMS 0x0000000094c00000, 0x0000000094c00000| Untracked 
| 333|0x0000000094d00000, 0x0000000094d00000, 0x0000000094e00000|  0%| F|  |TAMS 0x0000000094d00000, 0x0000000094d00000| Untracked 
| 334|0x0000000094e00000, 0x0000000094e00000, 0x0000000094f00000|  0%| F|  |TAMS 0x0000000094e00000, 0x0000000094e00000| Untracked 

Card table byte_map: [0x00000146659f0000,0x0000014665df0000] _byte_map_base: 0x00000146655f0000

Marking Bits (Prev, Next): (CMBitMap*) 0x00000146528261c0, (CMBitMap*) 0x0000014652826188
 Prev Bits: [0x00000146681f0000, 0x000001466a1f0000)
 Next Bits: [0x00000146661f0000, 0x00000146681f0000)

Polling page: 0x00000146507e0000

Metaspace:

Usage:
  Non-class:     86.63 MB capacity,    85.18 MB ( 98%) used,     1.19 MB (  1%) free+waste,   268.88 KB ( <1%) overhead. 
      Class:     12.96 MB capacity,    12.14 MB ( 94%) used,   716.54 KB (  5%) free+waste,   118.38 KB ( <1%) overhead. 
       Both:     99.59 MB capacity,    97.32 MB ( 98%) used,     1.89 MB (  2%) free+waste,   387.25 KB ( <1%) overhead. 

Virtual space:
  Non-class space:       88.00 MB reserved,      87.00 MB ( 99%) committed 
      Class space:        1.00 GB reserved,      13.13 MB (  1%) committed 
             Both:        1.09 GB reserved,     100.13 MB (  9%) committed 

Chunk freelists:
   Non-Class:  184.00 KB
       Class:  108.00 KB
        Both:  292.00 KB

MaxMetaspaceSize: 17179869184.00 GB
CompressedClassSpaceSize: 1.00 GB

CodeHeap 'non-profiled nmethods': size=120000Kb used=9543Kb max_used=9543Kb free=110456Kb
 bounds [0x000001465dd90000, 0x000001465e6f0000, 0x00000146652c0000]
CodeHeap 'profiled nmethods': size=120000Kb used=30713Kb max_used=30713Kb free=89287Kb
 bounds [0x0000014656860000, 0x0000014658660000, 0x000001465dd90000]
CodeHeap 'non-nmethods': size=5760Kb used=2329Kb max_used=2368Kb free=3430Kb
 bounds [0x00000146562c0000, 0x0000014656530000, 0x0000014656860000]
 total_blobs=15128 nmethods=14204 adapters=835
 compilation: enabled
              stopped_count=0, restarted_count=0
 full_count=0

Compilation events (20 events):
Event: 58.072 Thread 0x000001466d52b000 nmethod 14305 0x000001465e6dcf90 code [0x000001465e6dd1a0, 0x000001465e6dde18]
Event: 58.072 Thread 0x000001466d52b000 14306       4       com.android.tools.r8.internal.lp$c::hasNext (20 bytes)
Event: 58.073 Thread 0x000001466d52b000 nmethod 14306 0x000001465e6de310 code [0x000001465e6de4a0, 0x000001465e6de538]
Event: 58.073 Thread 0x000001466d52b000 14308       4       com.android.tools.r8.internal.kp::next (5 bytes)
Event: 58.076 Thread 0x000001466d52b000 nmethod 14308 0x000001465e6de610 code [0x000001465e6de7a0, 0x000001465e6de9f8]
Event: 58.076 Thread 0x000001466d52b000 14309       4       com.android.tools.r8.internal.lp$c::j (60 bytes)
Event: 58.080 Thread 0x000001466d52b000 nmethod 14309 0x000001465e6deb10 code [0x000001465e6deca0, 0x000001465e6deef8]
Event: 58.080 Thread 0x000001466d52b000 14310       4       com.android.tools.r8.internal.q7$$Lambda$1134/0x0000000100a98040::accept (12 bytes)
Event: 58.097 Thread 0x000001466d52b000 nmethod 14310 0x000001465e6df010 code [0x000001465e6df220, 0x000001465e6dfb48]
Event: 58.097 Thread 0x000001466d52b000 14311       4       com.android.tools.r8.internal.q7::a (42 bytes)
Event: 58.108 Thread 0x000001466d535800 14313  s!   3       com.android.tools.build.apkzlib.bytestorage.ChunkBasedCloseableByteSource::innerClose (72 bytes)
Event: 58.109 Thread 0x000001466d535800 nmethod 14313 0x000001465865c290 code [0x000001465865c520, 0x000001465865d198]
Event: 58.109 Thread 0x000001466d535800 14314  s    3       com.android.tools.build.apkzlib.bytestorage.LruTrackedCloseableByteSource::innerClose (14 bytes)
Event: 58.109 Thread 0x000001466d535800 nmethod 14314 0x000001465865d610 code [0x000001465865d7e0, 0x000001465865dcf8]
Event: 58.109 Thread 0x000001466d535800 14315  s    3       com.android.tools.build.apkzlib.zip.utils.CloseableDelegateByteSource::innerClose (14 bytes)
Event: 58.109 Thread 0x000001466d535800 nmethod 14315 0x000001465865de90 code [0x000001465865e040, 0x000001465865e378]
Event: 58.114 Thread 0x000001466d52b000 nmethod 14311 0x000001465e6e0290 code [0x000001465e6e04a0, 0x000001465e6e0da8]
Event: 58.114 Thread 0x000001466d52b000 14316       4       com.android.builder.packaging.PackagingUtils::lambda$getNoCompressPredicateForExtensions$0 (42 bytes)
Event: 58.119 Thread 0x000001466d52b000 nmethod 14316 0x000001465e6e1510 code [0x000001465e6e16e0, 0x000001465e6e19e8]
Event: 58.119 Thread 0x000001466d52b000 14317       4       com.android.tools.r8.graph.X::g (62 bytes)

GC Heap History (20 events):
Event: 57.223 GC heap after
{Heap after GC invocations=26 (full 0):
 garbage-first heap   total 260096K, used 139088K [0x0000000080000000, 0x0000000100000000)
  region size 1024K, 4 young (4096K), 4 survivors (4096K)
 Metaspace       used 96919K, capacity 99212K, committed 99840K, reserved 1136640K
  class space    used 12038K, capacity 12855K, committed 13056K, reserved 1048576K
}
Event: 57.376 GC heap before
{Heap before GC invocations=27 (full 0):
 garbage-first heap   total 260096K, used 211792K [0x0000000080000000, 0x0000000100000000)
  region size 1024K, 74 young (75776K), 4 survivors (4096K)
 Metaspace       used 97842K, capacity 100129K, committed 100736K, reserved 1136640K
  class space    used 12156K, capacity 12990K, committed 13184K, reserved 1048576K
}
Event: 57.378 GC heap after
{Heap after GC invocations=28 (full 0):
 garbage-first heap   total 260096K, used 141015K [0x0000000080000000, 0x0000000100000000)
  region size 1024K, 5 young (5120K), 5 survivors (5120K)
 Metaspace       used 97842K, capacity 100129K, committed 100736K, reserved 1136640K
  class space    used 12156K, capacity 12990K, committed 13184K, reserved 1048576K
}
Event: 57.429 GC heap before
{Heap before GC invocations=28 (full 0):
 garbage-first heap   total 260096K, used 177879K [0x0000000080000000, 0x0000000100000000)
  region size 1024K, 42 young (43008K), 5 survivors (5120K)
 Metaspace       used 98303K, capacity 100641K, committed 100992K, reserved 1136640K
  class space    used 12231K, capacity 13054K, committed 13184K, reserved 1048576K
}
Event: 57.432 GC heap after
{Heap after GC invocations=29 (full 0):
 garbage-first heap   total 260096K, used 141995K [0x0000000080000000, 0x0000000100000000)
  region size 1024K, 6 young (6144K), 6 survivors (6144K)
 Metaspace       used 98303K, capacity 100641K, committed 100992K, reserved 1136640K
  class space    used 12231K, capacity 13054K, committed 13184K, reserved 1048576K
}
Event: 57.538 GC heap before
{Heap before GC invocations=29 (full 0):
 garbage-first heap   total 260096K, used 216747K [0x0000000080000000, 0x0000000100000000)
  region size 1024K, 74 young (75776K), 6 survivors (6144K)
 Metaspace       used 99349K, capacity 101662K, committed 102272K, reserved 1138688K
  class space    used 12396K, capacity 13224K, committed 13440K, reserved 1048576K
}
Event: 57.541 GC heap after
{Heap after GC invocations=30 (full 0):
 garbage-first heap   total 260096K, used 144954K [0x0000000080000000, 0x0000000100000000)
  region size 1024K, 7 young (7168K), 7 survivors (7168K)
 Metaspace       used 99349K, capacity 101662K, committed 102272K, reserved 1138688K
  class space    used 12396K, capacity 13224K, committed 13440K, reserved 1048576K
}
Event: 57.592 GC heap before
{Heap before GC invocations=31 (full 0):
 garbage-first heap   total 260096K, used 257594K [0x0000000080000000, 0x0000000100000000)
  region size 1024K, 62 young (63488K), 7 survivors (7168K)
 Metaspace       used 99548K, capacity 101905K, committed 102272K, reserved 1138688K
  class space    used 12425K, capacity 13265K, committed 13440K, reserved 1048576K
}
Event: 57.597 GC heap after
{Heap after GC invocations=32 (full 0):
 garbage-first heap   total 272384K, used 180177K [0x0000000080000000, 0x0000000100000000)
  region size 1024K, 10 young (10240K), 10 survivors (10240K)
 Metaspace       used 99548K, capacity 101905K, committed 102272K, reserved 1138688K
  class space    used 12425K, capacity 13265K, committed 13440K, reserved 1048576K
}
Event: 57.648 GC heap before
{Heap before GC invocations=32 (full 0):
 garbage-first heap   total 272384K, used 232401K [0x0000000080000000, 0x0000000100000000)
  region size 1024K, 61 young (62464K), 10 survivors (10240K)
 Metaspace       used 99651K, capacity 101980K, committed 102528K, reserved 1138688K
  class space    used 12433K, capacity 13268K, committed 13440K, reserved 1048576K
}
Event: 57.653 GC heap after
{Heap after GC invocations=33 (full 0):
 garbage-first heap   total 272384K, used 183578K [0x0000000080000000, 0x0000000100000000)
  region size 1024K, 4 young (4096K), 4 survivors (4096K)
 Metaspace       used 99651K, capacity 101980K, committed 102528K, reserved 1138688K
  class space    used 12433K, capacity 13268K, committed 13440K, reserved 1048576K
}
Event: 57.710 GC heap before
{Heap before GC invocations=33 (full 0):
 garbage-first heap   total 272384K, used 231706K [0x0000000080000000, 0x0000000100000000)
  region size 1024K, 51 young (52224K), 4 survivors (4096K)
 Metaspace       used 99651K, capacity 101980K, committed 102528K, reserved 1138688K
  class space    used 12433K, capacity 13268K, committed 13440K, reserved 1048576K
}
Event: 57.720 GC heap after
{Heap after GC invocations=34 (full 0):
 garbage-first heap   total 343040K, used 189970K [0x0000000080000000, 0x0000000100000000)
  region size 1024K, 7 young (7168K), 7 survivors (7168K)
 Metaspace       used 99651K, capacity 101980K, committed 102528K, reserved 1138688K
  class space    used 12433K, capacity 13268K, committed 13440K, reserved 1048576K
}
Event: 57.832 GC heap before
{Heap before GC invocations=35 (full 0):
 garbage-first heap   total 343040K, used 265746K [0x0000000080000000, 0x0000000100000000)
  region size 1024K, 80 young (81920K), 7 survivors (7168K)
 Metaspace       used 99653K, capacity 101980K, committed 102528K, reserved 1138688K
  class space    used 12433K, capacity 13268K, committed 13440K, reserved 1048576K
}
Event: 57.843 GC heap after
{Heap after GC invocations=36 (full 0):
 garbage-first heap   total 343040K, used 199905K [0x0000000080000000, 0x0000000100000000)
  region size 1024K, 10 young (10240K), 10 survivors (10240K)
 Metaspace       used 99653K, capacity 101980K, committed 102528K, reserved 1138688K
  class space    used 12433K, capacity 13268K, committed 13440K, reserved 1048576K
}
Event: 57.906 GC heap before
{Heap before GC invocations=36 (full 0):
 garbage-first heap   total 343040K, used 271585K [0x0000000080000000, 0x0000000100000000)
  region size 1024K, 80 young (81920K), 10 survivors (10240K)
 Metaspace       used 99653K, capacity 101980K, committed 102528K, reserved 1138688K
  class space    used 12433K, capacity 13268K, committed 13440K, reserved 1048576K
}
Event: 57.923 GC heap after
{Heap after GC invocations=37 (full 0):
 garbage-first heap   total 343040K, used 206985K [0x0000000080000000, 0x0000000100000000)
  region size 1024K, 7 young (7168K), 7 survivors (7168K)
 Metaspace       used 99653K, capacity 101980K, committed 102528K, reserved 1138688K
  class space    used 12433K, capacity 13268K, committed 13440K, reserved 1048576K
}
Event: 58.023 GC heap before
{Heap before GC invocations=37 (full 0):
 garbage-first heap   total 343040K, used 284809K [0x0000000080000000, 0x0000000100000000)
  region size 1024K, 75 young (76800K), 7 survivors (7168K)
 Metaspace       used 99653K, capacity 101980K, committed 102528K, reserved 1138688K
  class space    used 12433K, capacity 13268K, committed 13440K, reserved 1048576K
}
Event: 58.038 GC heap after
{Heap after GC invocations=38 (full 0):
 garbage-first heap   total 343040K, used 218650K [0x0000000080000000, 0x0000000100000000)
  region size 1024K, 7 young (7168K), 7 survivors (7168K)
 Metaspace       used 99653K, capacity 101980K, committed 102528K, reserved 1138688K
  class space    used 12433K, capacity 13268K, committed 13440K, reserved 1048576K
}
Event: 58.120 GC heap before
{Heap before GC invocations=38 (full 0):
 garbage-first heap   total 343040K, used 287258K [0x0000000080000000, 0x0000000100000000)
  region size 1024K, 70 young (71680K), 7 survivors (7168K)
 Metaspace       used 99656K, capacity 101980K, committed 102528K, reserved 1138688K
  class space    used 12433K, capacity 13268K, committed 13440K, reserved 1048576K
}

Deoptimization events (20 events):
Event: 57.699 Thread 0x0000014673388800 DEOPT PACKING pc=0x000001465e6b0118 sp=0x00000044c84fd3f0
Event: 57.699 Thread 0x0000014673388800 DEOPT UNPACKING pc=0x00000146562c83af sp=0x00000044c84fd2f0 mode 2
Event: 57.778 Thread 0x0000014673388800 DEOPT PACKING pc=0x000001465863609b sp=0x00000044c84fd0e0
Event: 57.778 Thread 0x0000014673388800 DEOPT UNPACKING pc=0x00000146562e8ede sp=0x00000044c84fc6a0 mode 0
Event: 57.826 Thread 0x000001467338c800 Uncommon trap: trap_request=0xffffffde fr.pc=0x000001465e6ca18c relative=0x000000000000014c
Event: 57.826 Thread 0x000001467338c800 Uncommon trap: reason=class_check action=maybe_recompile pc=0x000001465e6ca18c method=java.util.zip.InflaterInputStream.close()V @ 25 c2
Event: 57.826 Thread 0x000001467338c800 DEOPT PACKING pc=0x000001465e6ca18c sp=0x00000044c74fd9a0
Event: 57.826 Thread 0x000001467338c800 DEOPT UNPACKING pc=0x00000146562c83af sp=0x00000044c74fd988 mode 2
Event: 57.827 Thread 0x000001467338c800 Uncommon trap: trap_request=0xffffffde fr.pc=0x000001465e6ca18c relative=0x000000000000014c
Event: 57.827 Thread 0x000001467338c800 Uncommon trap: reason=class_check action=maybe_recompile pc=0x000001465e6ca18c method=java.util.zip.InflaterInputStream.close()V @ 25 c2
Event: 57.827 Thread 0x000001467338c800 DEOPT PACKING pc=0x000001465e6ca18c sp=0x00000044c74fd9a0
Event: 57.827 Thread 0x000001467338c800 DEOPT UNPACKING pc=0x00000146562c83af sp=0x00000044c74fd988 mode 2
Event: 57.828 Thread 0x000001467338c800 Uncommon trap: trap_request=0xffffffde fr.pc=0x000001465e6ca18c relative=0x000000000000014c
Event: 57.828 Thread 0x000001467338c800 Uncommon trap: reason=class_check action=maybe_recompile pc=0x000001465e6ca18c method=java.util.zip.InflaterInputStream.close()V @ 25 c2
Event: 57.828 Thread 0x000001467338c800 DEOPT PACKING pc=0x000001465e6ca18c sp=0x00000044c74fd9a0
Event: 57.828 Thread 0x000001467338c800 DEOPT UNPACKING pc=0x00000146562c83af sp=0x00000044c74fd988 mode 2
Event: 57.829 Thread 0x000001467338c800 Uncommon trap: trap_request=0xffffffde fr.pc=0x000001465e6ca18c relative=0x000000000000014c
Event: 57.829 Thread 0x000001467338c800 Uncommon trap: reason=class_check action=maybe_recompile pc=0x000001465e6ca18c method=java.util.zip.InflaterInputStream.close()V @ 25 c2
Event: 57.829 Thread 0x000001467338c800 DEOPT PACKING pc=0x000001465e6ca18c sp=0x00000044c74fd9a0
Event: 57.829 Thread 0x000001467338c800 DEOPT UNPACKING pc=0x00000146562c83af sp=0x00000044c74fd988 mode 2

Classes redefined (0 events):
No events

Internal exceptions (20 events):
Event: 56.021 Thread 0x0000014673386000 Exception <a 'sun/nio/fs/WindowsException'{0x000000008a086508}> (0x000000008a086508) thrown at [./src/hotspot/share/prims/jni.cpp, line 615]
Event: 56.021 Thread 0x0000014673386000 Exception <a 'sun/nio/fs/WindowsException'{0x000000008a087388}> (0x000000008a087388) thrown at [./src/hotspot/share/prims/jni.cpp, line 615]
Event: 56.021 Thread 0x0000014673386000 Exception <a 'sun/nio/fs/WindowsException'{0x000000008a087608}> (0x000000008a087608) thrown at [./src/hotspot/share/prims/jni.cpp, line 615]
Event: 56.021 Thread 0x0000014673386000 Exception <a 'sun/nio/fs/WindowsException'{0x000000008a088458}> (0x000000008a088458) thrown at [./src/hotspot/share/prims/jni.cpp, line 615]
Event: 56.030 Thread 0x0000014673386000 Exception <a 'java/lang/NoSuchMethodError'{0x0000000089f8cbd0}: <clinit>> (0x0000000089f8cbd0) thrown at [./src/hotspot/share/prims/jni.cpp, line 1362]
Event: 56.032 Thread 0x0000014673386000 Exception <a 'java/lang/NoSuchMethodError'{0x0000000089fbcda0}: <clinit>> (0x0000000089fbcda0) thrown at [./src/hotspot/share/prims/jni.cpp, line 1362]
Event: 56.032 Thread 0x0000014673386000 Exception <a 'java/lang/NoSuchMethodError'{0x0000000089fcf8f8}: <clinit>> (0x0000000089fcf8f8) thrown at [./src/hotspot/share/prims/jni.cpp, line 1362]
Event: 56.327 Thread 0x000001467338e000 Exception <a 'java/lang/NoSuchMethodError'{0x000000008e5d4038}: 'void java.lang.invoke.DirectMethodHandle$Holder.invokeStatic(java.lang.Object, long)'> (0x000000008e5d4038) thrown at [./src/hotspot/share/interpreter/linkResolver.cpp, line 773]
Event: 56.327 Thread 0x000001467338e000 Exception <a 'java/lang/NoSuchMethodError'{0x000000008e5d9250}: 'java.lang.Object java.lang.invoke.DirectMethodHandle$Holder.invokeStatic(java.lang.Object, long)'> (0x000000008e5d9250) thrown at [./src/hotspot/share/interpreter/linkResolver.cpp, line 773]
Event: 56.330 Thread 0x000001467338e000 Exception <a 'java/lang/NoSuchMethodError'{0x000000008ca6cb60}: 'java.lang.Object java.lang.invoke.DirectMethodHandle$Holder.invokeStaticInit(java.lang.Object, java.lang.Object, long, java.lang.Object)'> (0x000000008ca6cb60) thrown at [./src/hotspot/share/interpreter/linkResolver.cpp, line 773]
Event: 56.330 Thread 0x000001467338e000 Exception <a 'java/lang/NoSuchMethodError'{0x000000008ca72cf8}: 'java.lang.Object java.lang.invoke.DirectMethodHandle$Holder.invokeStatic(java.lang.Object, java.lang.Object, long)'> (0x000000008ca72cf8) thrown at [./src/hotspot/share/interpreter/linkResolver.cpp, line 773]
Event: 56.330 Thread 0x000001467338e000 Exception <a 'java/lang/NoSuchMethodError'{0x000000008cadaf38}: 'java.lang.Object java.lang.invoke.Invokers$Holder.linkToTargetMethod(java.lang.Object, long, java.lang.Object)'> (0x000000008cadaf38) thrown at [./src/hotspot/share/interpreter/linkResolver.cpp, line 773]
Event: 56.369 Thread 0x000001467338c800 Exception <a 'java/lang/NoSuchMethodError'{0x000000008c7c7888}: 'java.lang.Object java.lang.invoke.DirectMethodHandle$Holder.invokeVirtual(java.lang.Object, java.lang.Object, int)'> (0x000000008c7c7888) thrown at [./src/hotspot/share/interpreter/linkResolver.cpp, line 773]
Event: 56.371 Thread 0x000001467338c800 Exception <a 'java/lang/NoSuchMethodError'{0x000000008c7e60b8}: 'void java.lang.invoke.DirectMethodHandle$Holder.invokeStatic(java.lang.Object, java.lang.Object, java.lang.Object, int)'> (0x000000008c7e60b8) thrown at [./src/hotspot/share/interpreter/linkResolver.cpp, line 773]
Event: 56.443 Thread 0x000001467338c800 Implicit null exception at 0x000001465e61f0ea to 0x000001465e61f13c
Event: 56.443 Thread 0x000001467338c800 Implicit null exception at 0x000001465e61edd0 to 0x000001465e61ede4
Event: 56.544 Thread 0x000001467338e000 Exception <a 'java/lang/NoSuchMethodError'{0x000000008eb9a830}: 'int java.lang.invoke.DirectMethodHandle$Holder.invokeSpecialIFC(java.lang.Object, java.lang.Object, java.lang.Object)'> (0x000000008eb9a830) thrown at [./src/hotspot/share/interpreter/linkResolver.cpp, line 773]
Event: 57.332 Thread 0x0000014673388800 Exception <a 'sun/nio/fs/WindowsException'{0x000000008c708708}> (0x000000008c708708) thrown at [./src/hotspot/share/prims/jni.cpp, line 615]
Event: 57.545 Thread 0x0000014673388800 Exception <a 'java/lang/NoSuchMethodError'{0x000000008fd19560}: 'java.lang.Object java.lang.invoke.DirectMethodHandle$Holder.invokeStatic(java.lang.Object, java.lang.Object, java.lang.Object, java.lang.Object, java.lang.Object, java.lang.Object, java.lang.Object, java.lang.Object, java.lang.Object, java.lang.Object, java.lang.Object, java.lang.Object, java.lang.Object, java.lang.Object, java.lang.Object, java.lang.Object, java.lang.Object, java.lang.Object, int, java.lang.Object)'> (0x000000008fd19560) thr
Event: 57.545 Thread 0x0000014673388800 Exception <a 'java/lang/NoSuchMethodError'{0x000000008fb05300}: 'java.lang.Object java.lang.invoke.DirectMethodHandle$Holder.invokeStaticInit(java.lang.Object, java.lang.Object, java.lang.Object, java.lang.Object, java.lang.Object, java.lang.Object, java.lang.Object, java.lang.Object, java.lang.Object, java.lang.Object, java.lang.Object, java.lang.Object, java.lang.Object, java.lang.Object, java.lang.Object, java.lang.Object, java.lang.Object, java.lang.Object, int, java.lang.Object)'> (0x000000008fb05300)

Events (20 events):
Event: 57.618 loading class com/android/tools/r8/dex/j done
Event: 57.633 loading class com/android/tools/r8/graph/y
Event: 57.633 loading class com/android/tools/r8/graph/y done
Event: 57.648 Executing VM operation: G1CollectForAllocation
Event: 57.653 Executing VM operation: G1CollectForAllocation done
Event: 57.710 Executing VM operation: G1CollectForAllocation
Event: 57.720 Executing VM operation: G1CollectForAllocation done
Event: 57.756 Executing VM operation: CGC_Operation
Event: 57.764 Executing VM operation: CGC_Operation done
Event: 57.818 Executing VM operation: CGC_Operation
Event: 57.818 Executing VM operation: CGC_Operation done
Event: 57.832 Executing VM operation: G1CollectForAllocation
Event: 57.843 Executing VM operation: G1CollectForAllocation done
Event: 57.906 Executing VM operation: G1CollectForAllocation
Event: 57.923 Executing VM operation: G1CollectForAllocation done
Event: 58.023 Executing VM operation: G1CollectForAllocation
Event: 58.038 Executing VM operation: G1CollectForAllocation done
Event: 58.065 Executing VM operation: CGC_Operation
Event: 58.071 Executing VM operation: CGC_Operation done
Event: 58.119 Executing VM operation: G1CollectForAllocation


Dynamic libraries:
0x00007ff722830000 - 0x00007ff72283a000 	E:\APP DEV\main software\jre\bin\java.exe
0x00007ff95b0d0000 - 0x00007ff95b2e7000 	C:\WINDOWS\SYSTEM32\ntdll.dll
0x00007ff9598f0000 - 0x00007ff9599b4000 	C:\WINDOWS\System32\KERNEL32.DLL
0x00007ff958740000 - 0x00007ff958aec000 	C:\WINDOWS\System32\KERNELBASE.dll
0x00007ff9584a0000 - 0x00007ff9585b1000 	C:\WINDOWS\System32\ucrtbase.dll
0x00007ff93ba70000 - 0x00007ff93ba87000 	E:\APP DEV\main software\jre\bin\VCRUNTIME140.dll
0x00007ff938d60000 - 0x00007ff938d79000 	E:\APP DEV\main software\jre\bin\jli.dll
0x00007ff95a9d0000 - 0x00007ff95ab7e000 	C:\WINDOWS\System32\USER32.dll
0x00007ff958710000 - 0x00007ff958736000 	C:\WINDOWS\System32\win32u.dll
0x00007ff93abf0000 - 0x00007ff93ae83000 	C:\WINDOWS\WinSxS\amd64_microsoft.windows.common-controls_6595b64144ccf1df_6.0.22621.3672_none_2713b9d173822955\COMCTL32.dll
0x00007ff9590c0000 - 0x00007ff9590e9000 	C:\WINDOWS\System32\GDI32.dll
0x00007ff9585f0000 - 0x00007ff958709000 	C:\WINDOWS\System32\gdi32full.dll
0x00007ff958400000 - 0x00007ff95849a000 	C:\WINDOWS\System32\msvcp_win.dll
0x00007ff9597a0000 - 0x00007ff959847000 	C:\WINDOWS\System32\msvcrt.dll
0x00007ff959760000 - 0x00007ff959791000 	C:\WINDOWS\System32\IMM32.DLL
0x00007ff9043e0000 - 0x00007ff90447d000 	E:\APP DEV\main software\jre\bin\msvcp140.dll
0x00007ff8bb860000 - 0x00007ff8bc32f000 	E:\APP DEV\main software\jre\bin\server\jvm.dll
0x00007ff9596a0000 - 0x00007ff959752000 	C:\WINDOWS\System32\ADVAPI32.dll
0x00007ff959e20000 - 0x00007ff959ec8000 	C:\WINDOWS\System32\sechost.dll
0x00007ff9585c0000 - 0x00007ff9585e8000 	C:\WINDOWS\System32\bcrypt.dll
0x00007ff958e70000 - 0x00007ff958f85000 	C:\WINDOWS\System32\RPCRT4.dll
0x00007ff959f00000 - 0x00007ff959f08000 	C:\WINDOWS\System32\PSAPI.DLL
0x00007ff9505b0000 - 0x00007ff9505e4000 	C:\WINDOWS\SYSTEM32\WINMM.dll
0x00007ff8b1f60000 - 0x00007ff8b1f69000 	C:\WINDOWS\SYSTEM32\WSOCK32.dll
0x00007ff958f90000 - 0x00007ff959001000 	C:\WINDOWS\System32\WS2_32.dll
0x00007ff94fe90000 - 0x00007ff94fe9a000 	C:\WINDOWS\SYSTEM32\VERSION.dll
0x00007ff9574f0000 - 0x00007ff957508000 	C:\WINDOWS\SYSTEM32\kernel.appcore.dll
0x00007ff955710000 - 0x00007ff955721000 	E:\APP DEV\main software\jre\bin\verify.dll
0x00007ff955bd0000 - 0x00007ff955e02000 	C:\WINDOWS\SYSTEM32\DBGHELP.DLL
0x00007ff9590f0000 - 0x00007ff959478000 	C:\WINDOWS\System32\combase.dll
0x00007ff959a20000 - 0x00007ff959af7000 	C:\WINDOWS\System32\OLEAUT32.dll
0x00007ff9486b0000 - 0x00007ff9486e2000 	C:\WINDOWS\SYSTEM32\dbgcore.DLL
0x00007ff958af0000 - 0x00007ff958b6b000 	C:\WINDOWS\System32\bcryptPrimitives.dll
0x00007ff9555a0000 - 0x00007ff9555c9000 	E:\APP DEV\main software\jre\bin\java.dll
0x00007ff9556f0000 - 0x00007ff9556fb000 	E:\APP DEV\main software\jre\bin\jimage.dll
0x00007ff9555e0000 - 0x00007ff9555f8000 	E:\APP DEV\main software\jre\bin\zip.dll
0x00007ff95a010000 - 0x00007ff95a86c000 	C:\WINDOWS\System32\SHELL32.dll
0x00007ff956310000 - 0x00007ff956c07000 	C:\WINDOWS\SYSTEM32\windows.storage.dll
0x00007ff9561d0000 - 0x00007ff95630f000 	C:\WINDOWS\SYSTEM32\wintypes.dll
0x00007ff959f10000 - 0x00007ff95a004000 	C:\WINDOWS\System32\SHCORE.dll
0x00007ff9599c0000 - 0x00007ff959a1e000 	C:\WINDOWS\System32\shlwapi.dll
0x00007ff958330000 - 0x00007ff958351000 	C:\WINDOWS\SYSTEM32\profapi.dll
0x00007ff955580000 - 0x00007ff95559a000 	E:\APP DEV\main software\jre\bin\net.dll
0x00007ff953750000 - 0x00007ff953886000 	C:\WINDOWS\SYSTEM32\WINHTTP.dll
0x00007ff957950000 - 0x00007ff9579b9000 	C:\WINDOWS\system32\mswsock.dll
0x00007ff955560000 - 0x00007ff955574000 	E:\APP DEV\main software\jre\bin\nio.dll
0x00007ff93b7c0000 - 0x00007ff93b7e7000 	C:\Users\NAMAH SINGHAL\.gradle\native\8bec1ad78214c89d9ad589b4d07fe93259594b29d510b10fafb7a158f7737e5d\windows-amd64\native-platform.dll
0x00007ff8ec8f0000 - 0x00007ff8eca2d000 	C:\Users\NAMAH SINGHAL\.gradle\native\53dbd7edfb1c66fb8903c78663c9afc45aea4f116125fa6feffd364cf09443e8\windows-amd64\native-platform-file-events.dll
0x00007ff955630000 - 0x00007ff95563a000 	E:\APP DEV\main software\jre\bin\management.dll
0x00007ff952ca0000 - 0x00007ff952cac000 	E:\APP DEV\main software\jre\bin\management_ext.dll
0x00007ff957bd0000 - 0x00007ff957beb000 	C:\WINDOWS\SYSTEM32\CRYPTSP.dll
0x00007ff957440000 - 0x00007ff957475000 	C:\WINDOWS\system32\rsaenh.dll
0x00007ff957a70000 - 0x00007ff957a98000 	C:\WINDOWS\SYSTEM32\USERENV.dll
0x00007ff957bf0000 - 0x00007ff957bfc000 	C:\WINDOWS\SYSTEM32\CRYPTBASE.dll
0x00007ff956ee0000 - 0x00007ff956f0d000 	C:\WINDOWS\SYSTEM32\IPHLPAPI.DLL
0x00007ff959850000 - 0x00007ff959859000 	C:\WINDOWS\System32\NSI.dll
0x00007ff9536d0000 - 0x00007ff9536e9000 	C:\WINDOWS\SYSTEM32\dhcpcsvc6.DLL
0x00007ff9536b0000 - 0x00007ff9536cf000 	C:\WINDOWS\SYSTEM32\dhcpcsvc.DLL
0x00007ff956f50000 - 0x00007ff957048000 	C:\WINDOWS\SYSTEM32\DNSAPI.dll
0x00007ff957510000 - 0x00007ff957544000 	C:\WINDOWS\SYSTEM32\ntmarta.dll

dbghelp: loaded successfully - version: 4.0.5 - missing functions: none
symbol engine: initialized successfully - sym options: 0x614 - pdb path: .;E:\APP DEV\main software\jre\bin;C:\WINDOWS\SYSTEM32;C:\WINDOWS\WinSxS\amd64_microsoft.windows.common-controls_6595b64144ccf1df_6.0.22621.3672_none_2713b9d173822955;E:\APP DEV\main software\jre\bin\server;C:\Users\NAMAH SINGHAL\.gradle\native\8bec1ad78214c89d9ad589b4d07fe93259594b29d510b10fafb7a158f7737e5d\windows-amd64;C:\Users\NAMAH SINGHAL\.gradle\native\53dbd7edfb1c66fb8903c78663c9afc45aea4f116125fa6feffd364cf09443e8\windows-amd64

VM Arguments:
jvm_args: --add-opens=java.base/java.util=ALL-UNNAMED --add-opens=java.base/java.lang=ALL-UNNAMED --add-opens=java.base/java.lang.invoke=ALL-UNNAMED --add-opens=java.base/java.util=ALL-UNNAMED --add-opens=java.prefs/java.util.prefs=ALL-UNNAMED --add-opens=java.prefs/java.util.prefs=ALL-UNNAMED --add-opens=java.base/java.nio.charset=ALL-UNNAMED --add-opens=java.base/java.net=ALL-UNNAMED --add-opens=java.base/java.util.concurrent.atomic=ALL-UNNAMED -Xmx2048m -Dfile.encoding=UTF-8 -Duser.country=IN -Duser.language=en -Duser.variant 
java_command: org.gradle.launcher.daemon.bootstrap.GradleDaemon 7.0.2
java_class_path (initial): C:\Users\NAMAH SINGHAL\.gradle\wrapper\dists\gradle-7.0.2-bin\857tjihv64xamwrf0h14cai3r\gradle-7.0.2\lib\gradle-launcher-7.0.2.jar
Launcher Type: SUN_STANDARD

[Global flags]
     intx CICompilerCount                          = 4                                         {product} {ergonomic}
     uint ConcGCThreads                            = 2                                         {product} {ergonomic}
     uint G1ConcRefinementThreads                  = 8                                         {product} {ergonomic}
   size_t G1HeapRegionSize                         = 1048576                                   {product} {ergonomic}
    uintx GCDrainStackTargetSize                   = 64                                        {product} {ergonomic}
   size_t InitialHeapSize                          = 266338304                                 {product} {ergonomic}
   size_t MarkStackSize                            = 4194304                                   {product} {ergonomic}
   size_t MaxHeapSize                              = 2147483648                                {product} {command line}
   size_t MaxNewSize                               = 1287651328                                {product} {ergonomic}
   size_t MinHeapDeltaBytes                        = 1048576                                   {product} {ergonomic}
    uintx NonNMethodCodeHeapSize                   = 5836300                                {pd product} {ergonomic}
    uintx NonProfiledCodeHeapSize                  = 122910970                              {pd product} {ergonomic}
    uintx ProfiledCodeHeapSize                     = 122910970                              {pd product} {ergonomic}
    uintx ReservedCodeCacheSize                    = 251658240                              {pd product} {ergonomic}
     bool SegmentedCodeCache                       = true                                      {product} {ergonomic}
     bool UseCompressedClassPointers               = true                                 {lp64_product} {ergonomic}
     bool UseCompressedOops                        = true                                 {lp64_product} {ergonomic}
     bool UseG1GC                                  = true                                      {product} {ergonomic}
     bool UseLargePagesIndividualAllocation        = false                                  {pd product} {ergonomic}

Logging:
Log output configuration:
 #0: stdout all=warning uptime,level,tags
 #1: stderr all=off uptime,level,tags

Environment Variables:
PATH=D:\oracle\product\10.2.0\db_1\bin;D:\Oraclee\dbhomeXE\bin;C:\Program Files (x86)\Common Files\Oracle\Java\javapath;C:\Windows\system32;C:\Windows;C:\Windows\System32\Wbem;C:\Windows\System32\WindowsPowerShell\v1.0\;C:\Windows\System32\OpenSSH\;C:\Program Files (x86)\NVIDIA Corporation\PhysX\Common;E:\MATLAB\bin;C:\WINDOWS\system32;C:\WINDOWS;C:\WINDOWS\System32\Wbem;C:\WINDOWS\System32\WindowsPowerShell\v1.0\;C:\WINDOWS\System32\OpenSSH\;E:\Avogadro\bin;C:\Program Files (x86)\Avogadro\bin;C:\Program Files\NVIDIA Corporation\NVIDIA NvDLISR;C:\Program Files\MySQL\MySQL Shell 8.0\bin\;C:\Users\NAMAH SINGHAL\AppData\Local\Microsoft\WindowsApps;E:\Microsoft VS Code\bin;C:\altera\13.0sp1\modelsim_ase\win32aloem;C:\Program Files\JetBrains\PyCharm Community Edition 2023.1\bin;C:\Users\NAMAH SINGHAL\AppData\Local\JetBrains\Toolbox\scripts;C:\Users\NAMAH SINGHAL\AppData\Local\GitHubDesktop\bin
USERNAME=NAMAH SINGHAL
OS=Windows_NT
PROCESSOR_IDENTIFIER=Intel64 Family 6 Model 140 Stepping 1, GenuineIntel



---------------  S Y S T E M  ---------------

OS: Windows 10 , 64 bit Build 22621 (10.0.22621.3672)
OS uptime: 25 days 9:28 hours
Hyper-V role detected

CPU:total 8 (initial active 8) (4 cores per cpu, 2 threads per core) family 6 model 140 stepping 1 microcode 0xa4, cmov, cx8, fxsr, mmx, sse, sse2, sse3, ssse3, sse4.1, sse4.2, popcnt, avx, avx2, aes, clmul, erms, 3dnowpref, lzcnt, ht, tsc, tscinvbit, bmi1, bmi2, adx, evex, sha, fma

Memory: 4k page, system-wide physical 16167M (351M free)
TotalPageFile size 38695M (AvailPageFile size 177M)
current process WorkingSet (physical memory assigned to process): 638M, peak: 673M
current process commit charge ("private bytes"): 697M, peak: 1067M

vm_info: OpenJDK 64-Bit Server VM (11.0.10+0-b96-7249189) for windows-amd64 JRE (11.0.10+0-b96-7249189), built on Mar 31 2021 21:44:00 by "builder" with MS VC++ 14.0 (VS2015)

END.
